<?xml version="1.0" encoding="UTF-8" ?>
<testsuite tests="4" failures="0" name="com.bookstore.test.CrudOperationTest" time="0.794" errors="2" skipped="0">
  <properties>
[...]
</properties>
  <testcase classname="com.bookstore.test.CrudOperationTest" name="checkNbOfBooksFromCategoryRetrieving" time="0.784">
    <error message="
Internal Exception: com.mysql.jdbc.exceptions.jdbc4.MySQLSyntaxErrorException: Unknown column &apos;PARENTCATEGORY_ID_CATEGORIE&apos; in &apos;field list&apos;
Error Code: 1054
Call: SELECT ID_CATEGORIE, DESCRIPTION, TITRE, PARENTCATEGORY_ID_CATEGORIE FROM categories WHERE (ID_CATEGORIE = ?)
	bind =&gt; [1 parameter bound]
Query: ReadObjectQuery(name=&quot;readCategory&quot; referenceClass=Category sql=&quot;SELECT ID_CATEGORIE, DESCRIPTION, TITRE, PARENTCATEGORY_ID_CATEGORIE FROM categories WHERE (ID_CATEGORIE = ?)&quot;)" type="Local Exception Stack">Local Exception Stack: 
Exception [EclipseLink-4002] (Eclipse Persistence Services - 2.5.2.v20140319-9ad6abd): org.eclipse.persistence.exceptions.DatabaseException
Internal Exception: com.mysql.jdbc.exceptions.jdbc4.MySQLSyntaxErrorException: Unknown column &apos;PARENTCATEGORY_ID_CATEGORIE&apos; in &apos;field list&apos;
Error Code: 1054
Call: SELECT ID_CATEGORIE, DESCRIPTION, TITRE, PARENTCATEGORY_ID_CATEGORIE FROM categories WHERE (ID_CATEGORIE = ?)
	bind =&gt; [1 parameter bound]
Query: ReadObjectQuery(name=&quot;readCategory&quot; referenceClass=Category sql=&quot;SELECT ID_CATEGORIE, DESCRIPTION, TITRE, PARENTCATEGORY_ID_CATEGORIE FROM categories WHERE (ID_CATEGORIE = ?)&quot;)
	at org.eclipse.persistence.exceptions.DatabaseException.sqlException(DatabaseException.java:340)
	at org.eclipse.persistence.internal.databaseaccess.DatabaseAccessor.basicExecuteCall(DatabaseAccessor.java:682)
	at org.eclipse.persistence.internal.databaseaccess.DatabaseAccessor.executeCall(DatabaseAccessor.java:558)
	at org.eclipse.persistence.internal.sessions.AbstractSession.basicExecuteCall(AbstractSession.java:2002)
	at org.eclipse.persistence.sessions.server.ServerSession.executeCall(ServerSession.java:570)
	at org.eclipse.persistence.sessions.server.ClientSession.executeCall(ClientSession.java:250)
	at org.eclipse.persistence.internal.queries.DatasourceCallQueryMechanism.executeCall(DatasourceCallQueryMechanism.java:242)
	at org.eclipse.persistence.internal.queries.DatasourceCallQueryMechanism.executeCall(DatasourceCallQueryMechanism.java:228)
	at org.eclipse.persistence.internal.queries.DatasourceCallQueryMechanism.selectOneRow(DatasourceCallQueryMechanism.java:714)
	at org.eclipse.persistence.internal.queries.ExpressionQueryMechanism.selectOneRowFromTable(ExpressionQueryMechanism.java:2801)
	at org.eclipse.persistence.internal.queries.ExpressionQueryMechanism.selectOneRow(ExpressionQueryMechanism.java:2754)
	at org.eclipse.persistence.queries.ReadObjectQuery.executeObjectLevelReadQuery(ReadObjectQuery.java:545)
	at org.eclipse.persistence.queries.ObjectLevelReadQuery.executeDatabaseQuery(ObjectLevelReadQuery.java:1168)
	at org.eclipse.persistence.queries.DatabaseQuery.execute(DatabaseQuery.java:899)
	at org.eclipse.persistence.queries.ObjectLevelReadQuery.execute(ObjectLevelReadQuery.java:1127)
	at org.eclipse.persistence.queries.ReadObjectQuery.execute(ReadObjectQuery.java:431)
	at org.eclipse.persistence.queries.ObjectLevelReadQuery.executeInUnitOfWork(ObjectLevelReadQuery.java:1215)
	at org.eclipse.persistence.internal.sessions.UnitOfWorkImpl.internalExecuteQuery(UnitOfWorkImpl.java:2896)
	at org.eclipse.persistence.internal.sessions.AbstractSession.executeQuery(AbstractSession.java:1804)
	at org.eclipse.persistence.internal.sessions.AbstractSession.executeQuery(AbstractSession.java:1786)
	at org.eclipse.persistence.internal.sessions.AbstractSession.executeQuery(AbstractSession.java:1737)
	at org.eclipse.persistence.internal.jpa.EntityManagerImpl.executeQuery(EntityManagerImpl.java:900)
	at org.eclipse.persistence.internal.jpa.EntityManagerImpl.findInternal(EntityManagerImpl.java:843)
	at org.eclipse.persistence.internal.jpa.EntityManagerImpl.find(EntityManagerImpl.java:719)
	at org.eclipse.persistence.internal.jpa.EntityManagerImpl.find(EntityManagerImpl.java:588)
	at com.bookstore.test.CrudOperationTest.checkNbOfBooksFromCategoryRetrieving(CrudOperationTest.java:89)
	at sun.reflect.NativeMethodAccessorImpl.invoke0(Native Method)
	at sun.reflect.NativeMethodAccessorImpl.invoke(NativeMethodAccessorImpl.java:62)
	at sun.reflect.DelegatingMethodAccessorImpl.invoke(DelegatingMethodAccessorImpl.java:43)
	at java.lang.reflect.Method.invoke(Method.java:498)
	at org.junit.runners.model.FrameworkMethod$1.runReflectiveCall(FrameworkMethod.java:50)
	at org.junit.internal.runners.model.ReflectiveCallable.run(ReflectiveCallable.java:12)
	at org.junit.runners.model.FrameworkMethod.invokeExplosively(FrameworkMethod.java:47)
	at org.junit.internal.runners.statements.InvokeMethod.evaluate(InvokeMethod.java:17)
	at org.junit.internal.runners.statements.RunBefores.evaluate(RunBefores.java:26)
	at org.junit.internal.runners.statements.RunAfters.evaluate(RunAfters.java:27)
	at org.junit.runners.ParentRunner.runLeaf(ParentRunner.java:325)
	at org.junit.runners.BlockJUnit4ClassRunner.runChild(BlockJUnit4ClassRunner.java:78)
	at org.junit.runners.BlockJUnit4ClassRunner.runChild(BlockJUnit4ClassRunner.java:57)
	at org.junit.runners.ParentRunner$3.run(ParentRunner.java:290)
	at org.junit.runners.ParentRunner$1.schedule(ParentRunner.java:71)
	at org.junit.runners.ParentRunner.runChildren(ParentRunner.java:288)
	at org.junit.runners.ParentRunner.access$000(ParentRunner.java:58)
	at org.junit.runners.ParentRunner$2.evaluate(ParentRunner.java:268)
	at org.junit.internal.runners.statements.RunBefores.evaluate(RunBefores.java:26)
	at org.junit.internal.runners.statements.RunAfters.evaluate(RunAfters.java:27)
	at org.junit.runners.ParentRunner.run(ParentRunner.java:363)
	at org.apache.maven.surefire.junit4.JUnit4Provider.execute(JUnit4Provider.java:252)
	at org.apache.maven.surefire.junit4.JUnit4Provider.executeTestSet(JUnit4Provider.java:141)
	at org.apache.maven.surefire.junit4.JUnit4Provider.invoke(JUnit4Provider.java:112)
	at sun.reflect.NativeMethodAccessorImpl.invoke0(Native Method)
	at sun.reflect.NativeMethodAccessorImpl.invoke(NativeMethodAccessorImpl.java:62)
	at sun.reflect.DelegatingMethodAccessorImpl.invoke(DelegatingMethodAccessorImpl.java:43)
	at java.lang.reflect.Method.invoke(Method.java:498)
	at org.apache.maven.surefire.util.ReflectionUtils.invokeMethodWithArray(ReflectionUtils.java:189)
	at org.apache.maven.surefire.booter.ProviderFactory$ProviderProxy.invoke(ProviderFactory.java:165)
	at org.apache.maven.surefire.booter.ProviderFactory.invokeProvider(ProviderFactory.java:85)
	at org.apache.maven.surefire.booter.ForkedBooter.runSuitesInProcess(ForkedBooter.java:115)
	at org.apache.maven.surefire.booter.ForkedBooter.main(ForkedBooter.java:75)
Caused by: com.mysql.jdbc.exceptions.jdbc4.MySQLSyntaxErrorException: Unknown column &apos;PARENTCATEGORY_ID_CATEGORIE&apos; in &apos;field list&apos;
	at sun.reflect.NativeConstructorAccessorImpl.newInstance0(Native Method)
	at sun.reflect.NativeConstructorAccessorImpl.newInstance(NativeConstructorAccessorImpl.java:62)
	at sun.reflect.DelegatingConstructorAccessorImpl.newInstance(DelegatingConstructorAccessorImpl.java:45)
	at java.lang.reflect.Constructor.newInstance(Constructor.java:423)
	at com.mysql.jdbc.Util.handleNewInstance(Util.java:425)
	at com.mysql.jdbc.Util.getInstance(Util.java:408)
	at com.mysql.jdbc.SQLError.createSQLException(SQLError.java:943)
	at com.mysql.jdbc.MysqlIO.checkErrorPacket(MysqlIO.java:3973)
	at com.mysql.jdbc.MysqlIO.checkErrorPacket(MysqlIO.java:3909)
	at com.mysql.jdbc.MysqlIO.sendCommand(MysqlIO.java:2527)
	at com.mysql.jdbc.MysqlIO.sqlQueryDirect(MysqlIO.java:2680)
	at com.mysql.jdbc.ConnectionImpl.execSQL(ConnectionImpl.java:2501)
	at com.mysql.jdbc.PreparedStatement.executeInternal(PreparedStatement.java:1858)
	at com.mysql.jdbc.PreparedStatement.executeQuery(PreparedStatement.java:1966)
	at org.eclipse.persistence.internal.databaseaccess.DatabaseAccessor.executeSelect(DatabaseAccessor.java:1007)
	at org.eclipse.persistence.internal.databaseaccess.DatabaseAccessor.basicExecuteCall(DatabaseAccessor.java:642)
	... 57 more
</error>
    <system-out>[EL Info]: 2018-05-15 09:17:47.064--ServerSession(1961945640)--EclipseLink, version: Eclipse Persistence Services - 2.5.2.v20140319-9ad6abd
[EL Info]: connection: 2018-05-15 09:17:47.515--ServerSession(1961945640)--file:/home/charles/Programming/Workspace/JavaEE/NetBeansProjects/bookStore/target/classes/_testPU login successful
[EL Warning]: 2018-05-15 09:17:47.601--UnitOfWork(505021446)--Exception [EclipseLink-4002] (Eclipse Persistence Services - 2.5.2.v20140319-9ad6abd): org.eclipse.persistence.exceptions.DatabaseException
Internal Exception: com.mysql.jdbc.exceptions.jdbc4.MySQLSyntaxErrorException: Unknown column &apos;PARENTCATEGORY_ID_CATEGORIE&apos; in &apos;field list&apos;
Error Code: 1054
Call: SELECT ID_CATEGORIE, DESCRIPTION, TITRE, PARENTCATEGORY_ID_CATEGORIE FROM categories WHERE (ID_CATEGORIE = ?)
	bind =&gt; [1 parameter bound]
Query: ReadObjectQuery(name=&quot;readCategory&quot; referenceClass=Category sql=&quot;SELECT ID_CATEGORIE, DESCRIPTION, TITRE, PARENTCATEGORY_ID_CATEGORIE FROM categories WHERE (ID_CATEGORIE = ?)&quot;)
</system-out>
    <system-err>Tue May 15 09:17:47 CEST 2018 WARN: Establishing SSL connection without server&apos;s identity verification is not recommended. According to MySQL 5.5.45+, 5.6.26+ and 5.7.6+ requirements SSL connection must be established by default if explicit option isn&apos;t set. For compliance with existing applications not using SSL the verifyServerCertificate property is set to &apos;false&apos;. You need either to explicitly disable SSL by setting useSSL=false, or set useSSL=true and provide truststore for server certificate verification.
Tue May 15 09:17:47 CEST 2018 WARN: Establishing SSL connection without server&apos;s identity verification is not recommended. According to MySQL 5.5.45+, 5.6.26+ and 5.7.6+ requirements SSL connection must be established by default if explicit option isn&apos;t set. For compliance with existing applications not using SSL the verifyServerCertificate property is set to &apos;false&apos;. You need either to explicitly disable SSL by setting useSSL=false, or set useSSL=true and provide truststore for server certificate verification.
</system-err>
  </testcase>
  <testcase classname="com.bookstore.test.CrudOperationTest" name="checkParentCatFromChildRetrieving" time="0.002">
    <error message="
Internal Exception: com.mysql.jdbc.exceptions.jdbc4.MySQLSyntaxErrorException: Unknown column &apos;PARENTCATEGORY_ID_CATEGORIE&apos; in &apos;field list&apos;
Error Code: 1054
Call: SELECT ID_CATEGORIE, DESCRIPTION, TITRE, PARENTCATEGORY_ID_CATEGORIE FROM categories WHERE (ID_CATEGORIE = ?)
	bind =&gt; [1 parameter bound]
Query: ReadObjectQuery(name=&quot;readCategory&quot; referenceClass=Category sql=&quot;SELECT ID_CATEGORIE, DESCRIPTION, TITRE, PARENTCATEGORY_ID_CATEGORIE FROM categories WHERE (ID_CATEGORIE = ?)&quot;)" type="Local Exception Stack">Local Exception Stack: 
Exception [EclipseLink-4002] (Eclipse Persistence Services - 2.5.2.v20140319-9ad6abd): org.eclipse.persistence.exceptions.DatabaseException
Internal Exception: com.mysql.jdbc.exceptions.jdbc4.MySQLSyntaxErrorException: Unknown column &apos;PARENTCATEGORY_ID_CATEGORIE&apos; in &apos;field list&apos;
Error Code: 1054
Call: SELECT ID_CATEGORIE, DESCRIPTION, TITRE, PARENTCATEGORY_ID_CATEGORIE FROM categories WHERE (ID_CATEGORIE = ?)
	bind =&gt; [1 parameter bound]
Query: ReadObjectQuery(name=&quot;readCategory&quot; referenceClass=Category sql=&quot;SELECT ID_CATEGORIE, DESCRIPTION, TITRE, PARENTCATEGORY_ID_CATEGORIE FROM categories WHERE (ID_CATEGORIE = ?)&quot;)
	at org.eclipse.persistence.exceptions.DatabaseException.sqlException(DatabaseException.java:340)
	at org.eclipse.persistence.internal.databaseaccess.DatabaseAccessor.basicExecuteCall(DatabaseAccessor.java:682)
	at org.eclipse.persistence.internal.databaseaccess.DatabaseAccessor.executeCall(DatabaseAccessor.java:558)
	at org.eclipse.persistence.internal.sessions.AbstractSession.basicExecuteCall(AbstractSession.java:2002)
	at org.eclipse.persistence.sessions.server.ServerSession.executeCall(ServerSession.java:570)
	at org.eclipse.persistence.sessions.server.ClientSession.executeCall(ClientSession.java:250)
	at org.eclipse.persistence.internal.queries.DatasourceCallQueryMechanism.executeCall(DatasourceCallQueryMechanism.java:242)
	at org.eclipse.persistence.internal.queries.DatasourceCallQueryMechanism.executeCall(DatasourceCallQueryMechanism.java:228)
	at org.eclipse.persistence.internal.queries.DatasourceCallQueryMechanism.selectOneRow(DatasourceCallQueryMechanism.java:714)
	at org.eclipse.persistence.internal.queries.ExpressionQueryMechanism.selectOneRowFromTable(ExpressionQueryMechanism.java:2801)
	at org.eclipse.persistence.internal.queries.ExpressionQueryMechanism.selectOneRow(ExpressionQueryMechanism.java:2754)
	at org.eclipse.persistence.queries.ReadObjectQuery.executeObjectLevelReadQuery(ReadObjectQuery.java:545)
	at org.eclipse.persistence.queries.ObjectLevelReadQuery.executeDatabaseQuery(ObjectLevelReadQuery.java:1168)
	at org.eclipse.persistence.queries.DatabaseQuery.execute(DatabaseQuery.java:899)
	at org.eclipse.persistence.queries.ObjectLevelReadQuery.execute(ObjectLevelReadQuery.java:1127)
	at org.eclipse.persistence.queries.ReadObjectQuery.execute(ReadObjectQuery.java:431)
	at org.eclipse.persistence.queries.ObjectLevelReadQuery.executeInUnitOfWork(ObjectLevelReadQuery.java:1215)
	at org.eclipse.persistence.internal.sessions.UnitOfWorkImpl.internalExecuteQuery(UnitOfWorkImpl.java:2896)
	at org.eclipse.persistence.internal.sessions.AbstractSession.executeQuery(AbstractSession.java:1804)
	at org.eclipse.persistence.internal.sessions.AbstractSession.executeQuery(AbstractSession.java:1786)
	at org.eclipse.persistence.internal.sessions.AbstractSession.executeQuery(AbstractSession.java:1737)
	at org.eclipse.persistence.internal.jpa.EntityManagerImpl.executeQuery(EntityManagerImpl.java:900)
	at org.eclipse.persistence.internal.jpa.EntityManagerImpl.findInternal(EntityManagerImpl.java:843)
	at org.eclipse.persistence.internal.jpa.EntityManagerImpl.find(EntityManagerImpl.java:719)
	at org.eclipse.persistence.internal.jpa.EntityManagerImpl.find(EntityManagerImpl.java:588)
	at com.bookstore.test.CrudOperationTest.checkParentCatFromChildRetrieving(CrudOperationTest.java:105)
	at sun.reflect.NativeMethodAccessorImpl.invoke0(Native Method)
	at sun.reflect.NativeMethodAccessorImpl.invoke(NativeMethodAccessorImpl.java:62)
	at sun.reflect.DelegatingMethodAccessorImpl.invoke(DelegatingMethodAccessorImpl.java:43)
	at java.lang.reflect.Method.invoke(Method.java:498)
	at org.junit.runners.model.FrameworkMethod$1.runReflectiveCall(FrameworkMethod.java:50)
	at org.junit.internal.runners.model.ReflectiveCallable.run(ReflectiveCallable.java:12)
	at org.junit.runners.model.FrameworkMethod.invokeExplosively(FrameworkMethod.java:47)
	at org.junit.internal.runners.statements.InvokeMethod.evaluate(InvokeMethod.java:17)
	at org.junit.internal.runners.statements.RunBefores.evaluate(RunBefores.java:26)
	at org.junit.internal.runners.statements.RunAfters.evaluate(RunAfters.java:27)
	at org.junit.runners.ParentRunner.runLeaf(ParentRunner.java:325)
	at org.junit.runners.BlockJUnit4ClassRunner.runChild(BlockJUnit4ClassRunner.java:78)
	at org.junit.runners.BlockJUnit4ClassRunner.runChild(BlockJUnit4ClassRunner.java:57)
	at org.junit.runners.ParentRunner$3.run(ParentRunner.java:290)
	at org.junit.runners.ParentRunner$1.schedule(ParentRunner.java:71)
	at org.junit.runners.ParentRunner.runChildren(ParentRunner.java:288)
	at org.junit.runners.ParentRunner.access$000(ParentRunner.java:58)
	at org.junit.runners.ParentRunner$2.evaluate(ParentRunner.java:268)
	at org.junit.internal.runners.statements.RunBefores.evaluate(RunBefores.java:26)
	at org.junit.internal.runners.statements.RunAfters.evaluate(RunAfters.java:27)
	at org.junit.runners.ParentRunner.run(ParentRunner.java:363)
	at org.apache.maven.surefire.junit4.JUnit4Provider.execute(JUnit4Provider.java:252)
	at org.apache.maven.surefire.junit4.JUnit4Provider.executeTestSet(JUnit4Provider.java:141)
	at org.apache.maven.surefire.junit4.JUnit4Provider.invoke(JUnit4Provider.java:112)
	at sun.reflect.NativeMethodAccessorImpl.invoke0(Native Method)
	at sun.reflect.NativeMethodAccessorImpl.invoke(NativeMethodAccessorImpl.java:62)
	at sun.reflect.DelegatingMethodAccessorImpl.invoke(DelegatingMethodAccessorImpl.java:43)
	at java.lang.reflect.Method.invoke(Method.java:498)
	at org.apache.maven.surefire.util.ReflectionUtils.invokeMethodWithArray(ReflectionUtils.java:189)
	at org.apache.maven.surefire.booter.ProviderFactory$ProviderProxy.invoke(ProviderFactory.java:165)
	at org.apache.maven.surefire.booter.ProviderFactory.invokeProvider(ProviderFactory.java:85)
	at org.apache.maven.surefire.booter.ForkedBooter.runSuitesInProcess(ForkedBooter.java:115)
	at org.apache.maven.surefire.booter.ForkedBooter.main(ForkedBooter.java:75)
Caused by: com.mysql.jdbc.exceptions.jdbc4.MySQLSyntaxErrorException: Unknown column &apos;PARENTCATEGORY_ID_CATEGORIE&apos; in &apos;field list&apos;
	at sun.reflect.NativeConstructorAccessorImpl.newInstance0(Native Method)
	at sun.reflect.NativeConstructorAccessorImpl.newInstance(NativeConstructorAccessorImpl.java:62)
	at sun.reflect.DelegatingConstructorAccessorImpl.newInstance(DelegatingConstructorAccessorImpl.java:45)
	at java.lang.reflect.Constructor.newInstance(Constructor.java:423)
	at com.mysql.jdbc.Util.handleNewInstance(Util.java:425)
	at com.mysql.jdbc.Util.getInstance(Util.java:408)
	at com.mysql.jdbc.SQLError.createSQLException(SQLError.java:943)
	at com.mysql.jdbc.MysqlIO.checkErrorPacket(MysqlIO.java:3973)
	at com.mysql.jdbc.MysqlIO.checkErrorPacket(MysqlIO.java:3909)
	at com.mysql.jdbc.MysqlIO.sendCommand(MysqlIO.java:2527)
	at com.mysql.jdbc.MysqlIO.sqlQueryDirect(MysqlIO.java:2680)
	at com.mysql.jdbc.ConnectionImpl.execSQL(ConnectionImpl.java:2501)
	at com.mysql.jdbc.PreparedStatement.executeInternal(PreparedStatement.java:1858)
	at com.mysql.jdbc.PreparedStatement.executeQuery(PreparedStatement.java:1966)
	at org.eclipse.persistence.internal.databaseaccess.DatabaseAccessor.executeSelect(DatabaseAccessor.java:1007)
	at org.eclipse.persistence.internal.databaseaccess.DatabaseAccessor.basicExecuteCall(DatabaseAccessor.java:642)
	... 57 more
</error>
    <system-out>[EL Warning]: 2018-05-15 09:17:47.609--UnitOfWork(670663110)--Exception [EclipseLink-4002] (Eclipse Persistence Services - 2.5.2.v20140319-9ad6abd): org.eclipse.persistence.exceptions.DatabaseException
Internal Exception: com.mysql.jdbc.exceptions.jdbc4.MySQLSyntaxErrorException: Unknown column &apos;PARENTCATEGORY_ID_CATEGORIE&apos; in &apos;field list&apos;
Error Code: 1054
Call: SELECT ID_CATEGORIE, DESCRIPTION, TITRE, PARENTCATEGORY_ID_CATEGORIE FROM categories WHERE (ID_CATEGORIE = ?)
	bind =&gt; [1 parameter bound]
Query: ReadObjectQuery(name=&quot;readCategory&quot; referenceClass=Category sql=&quot;SELECT ID_CATEGORIE, DESCRIPTION, TITRE, PARENTCATEGORY_ID_CATEGORIE FROM categories WHERE (ID_CATEGORIE = ?)&quot;)
</system-out>
  </testcase>
  <testcase classname="com.bookstore.test.CrudOperationTest" name="ckeckPublisherRetrieving" time="0.005"/>
  <testcase classname="com.bookstore.test.CrudOperationTest" name="checkPubFromBookRetrieving" time="0.003"/>
</testsuite>