<?xml version="1.0" encoding="UTF-8" ?>
<testsuite tests="8" failures="0" name="com.bookstore.test.CrudOperationTest" time="1.654" errors="8" skipped="0">
  <properties>
[...]
</properties>
  <testcase classname="com.bookstore.test.CrudOperationTest" name="checkNbOfBooksFromCategoryRetrieving" time="0.811">
    <error message="Exception [EclipseLink-28019] (Eclipse Persistence Services - 2.5.2.v20140319-9ad6abd): org.eclipse.persistence.exceptions.EntityManagerSetupException
Exception Description: Deployment of PersistenceUnit [testPU] failed. Close all factories for this PersistenceUnit.
Internal Exception: Exception [EclipseLink-0] (Eclipse Persistence Services - 2.5.2.v20140319-9ad6abd): org.eclipse.persistence.exceptions.IntegrityException
Descriptor Exceptions: 
---------------------------------------------------------

Exception [EclipseLink-168] (Eclipse Persistence Services - 2.5.2.v20140319-9ad6abd): org.eclipse.persistence.exceptions.DescriptorException
Exception Description: Problem in creating new instance using the default constructor.  The default constructor triggered an exception.
Internal Exception: java.lang.reflect.InvocationTargetException
Target Invocation Exception: java.lang.RuntimeException: Uncompilable source code - cannot find symbol
  symbol:   method value()
  location: @interface javax.persistence.JoinColumn
Descriptor: RelationalDescriptor(com.bookstore.business.persistence.catalog.Publisher --&gt; [DatabaseTable(editeurs)])

Exception [EclipseLink-168] (Eclipse Persistence Services - 2.5.2.v20140319-9ad6abd): org.eclipse.persistence.exceptions.DescriptorException
Exception Description: Problem in creating new instance using the default constructor.  The default constructor triggered an exception.
Internal Exception: java.lang.reflect.InvocationTargetException
Target Invocation Exception: java.lang.RuntimeException: Uncompilable source code - cannot find symbol
  symbol:   method value()
  location: @interface javax.persistence.JoinColumn
Descriptor: RelationalDescriptor(com.bookstore.business.persistence.catalog.Book --&gt; [DatabaseTable(livres)])

Runtime Exceptions: 
---------------------------------------------------------
" type="javax.persistence.PersistenceException">javax.persistence.PersistenceException: Exception [EclipseLink-28019] (Eclipse Persistence Services - 2.5.2.v20140319-9ad6abd): org.eclipse.persistence.exceptions.EntityManagerSetupException
Exception Description: Deployment of PersistenceUnit [testPU] failed. Close all factories for this PersistenceUnit.
Internal Exception: Exception [EclipseLink-0] (Eclipse Persistence Services - 2.5.2.v20140319-9ad6abd): org.eclipse.persistence.exceptions.IntegrityException
Descriptor Exceptions: 
---------------------------------------------------------

Exception [EclipseLink-168] (Eclipse Persistence Services - 2.5.2.v20140319-9ad6abd): org.eclipse.persistence.exceptions.DescriptorException
Exception Description: Problem in creating new instance using the default constructor.  The default constructor triggered an exception.
Internal Exception: java.lang.reflect.InvocationTargetException
Target Invocation Exception: java.lang.RuntimeException: Uncompilable source code - cannot find symbol
  symbol:   method value()
  location: @interface javax.persistence.JoinColumn
Descriptor: RelationalDescriptor(com.bookstore.business.persistence.catalog.Publisher --&gt; [DatabaseTable(editeurs)])

Exception [EclipseLink-168] (Eclipse Persistence Services - 2.5.2.v20140319-9ad6abd): org.eclipse.persistence.exceptions.DescriptorException
Exception Description: Problem in creating new instance using the default constructor.  The default constructor triggered an exception.
Internal Exception: java.lang.reflect.InvocationTargetException
Target Invocation Exception: java.lang.RuntimeException: Uncompilable source code - cannot find symbol
  symbol:   method value()
  location: @interface javax.persistence.JoinColumn
Descriptor: RelationalDescriptor(com.bookstore.business.persistence.catalog.Book --&gt; [DatabaseTable(livres)])

Runtime Exceptions: 
---------------------------------------------------------

	at org.eclipse.persistence.internal.jpa.EntityManagerSetupImpl.createDeployFailedPersistenceException(EntityManagerSetupImpl.java:820)
	at org.eclipse.persistence.internal.jpa.EntityManagerSetupImpl.deploy(EntityManagerSetupImpl.java:760)
	at org.eclipse.persistence.internal.jpa.EntityManagerFactoryDelegate.getAbstractSession(EntityManagerFactoryDelegate.java:204)
	at org.eclipse.persistence.internal.jpa.EntityManagerFactoryDelegate.createEntityManagerImpl(EntityManagerFactoryDelegate.java:304)
	at org.eclipse.persistence.internal.jpa.EntityManagerFactoryImpl.createEntityManagerImpl(EntityManagerFactoryImpl.java:336)
	at org.eclipse.persistence.internal.jpa.EntityManagerFactoryImpl.createEntityManager(EntityManagerFactoryImpl.java:302)
	at com.bookstore.test.CrudOperationTest.setUp(CrudOperationTest.java:42)
	at sun.reflect.NativeMethodAccessorImpl.invoke0(Native Method)
	at sun.reflect.NativeMethodAccessorImpl.invoke(NativeMethodAccessorImpl.java:62)
	at sun.reflect.DelegatingMethodAccessorImpl.invoke(DelegatingMethodAccessorImpl.java:43)
	at java.lang.reflect.Method.invoke(Method.java:498)
	at org.junit.runners.model.FrameworkMethod$1.runReflectiveCall(FrameworkMethod.java:50)
	at org.junit.internal.runners.model.ReflectiveCallable.run(ReflectiveCallable.java:12)
	at org.junit.runners.model.FrameworkMethod.invokeExplosively(FrameworkMethod.java:47)
	at org.junit.internal.runners.statements.RunBefores.evaluate(RunBefores.java:24)
	at org.junit.internal.runners.statements.RunAfters.evaluate(RunAfters.java:27)
	at org.junit.runners.ParentRunner.runLeaf(ParentRunner.java:325)
	at org.junit.runners.BlockJUnit4ClassRunner.runChild(BlockJUnit4ClassRunner.java:78)
	at org.junit.runners.BlockJUnit4ClassRunner.runChild(BlockJUnit4ClassRunner.java:57)
	at org.junit.runners.ParentRunner$3.run(ParentRunner.java:290)
	at org.junit.runners.ParentRunner$1.schedule(ParentRunner.java:71)
	at org.junit.runners.ParentRunner.runChildren(ParentRunner.java:288)
	at org.junit.runners.ParentRunner.access$000(ParentRunner.java:58)
	at org.junit.runners.ParentRunner$2.evaluate(ParentRunner.java:268)
	at org.junit.internal.runners.statements.RunBefores.evaluate(RunBefores.java:26)
	at org.junit.internal.runners.statements.RunAfters.evaluate(RunAfters.java:27)
	at org.junit.runners.ParentRunner.run(ParentRunner.java:363)
	at org.apache.maven.surefire.junit4.JUnit4Provider.execute(JUnit4Provider.java:252)
	at org.apache.maven.surefire.junit4.JUnit4Provider.executeTestSet(JUnit4Provider.java:141)
	at org.apache.maven.surefire.junit4.JUnit4Provider.invoke(JUnit4Provider.java:112)
	at sun.reflect.NativeMethodAccessorImpl.invoke0(Native Method)
	at sun.reflect.NativeMethodAccessorImpl.invoke(NativeMethodAccessorImpl.java:62)
	at sun.reflect.DelegatingMethodAccessorImpl.invoke(DelegatingMethodAccessorImpl.java:43)
	at java.lang.reflect.Method.invoke(Method.java:498)
	at org.apache.maven.surefire.util.ReflectionUtils.invokeMethodWithArray(ReflectionUtils.java:189)
	at org.apache.maven.surefire.booter.ProviderFactory$ProviderProxy.invoke(ProviderFactory.java:165)
	at org.apache.maven.surefire.booter.ProviderFactory.invokeProvider(ProviderFactory.java:85)
	at org.apache.maven.surefire.booter.ForkedBooter.runSuitesInProcess(ForkedBooter.java:115)
	at org.apache.maven.surefire.booter.ForkedBooter.main(ForkedBooter.java:75)
Caused by: Exception [EclipseLink-28019] (Eclipse Persistence Services - 2.5.2.v20140319-9ad6abd): org.eclipse.persistence.exceptions.EntityManagerSetupException
Exception Description: Deployment of PersistenceUnit [testPU] failed. Close all factories for this PersistenceUnit.
Internal Exception: Exception [EclipseLink-0] (Eclipse Persistence Services - 2.5.2.v20140319-9ad6abd): org.eclipse.persistence.exceptions.IntegrityException
Descriptor Exceptions: 
---------------------------------------------------------

Exception [EclipseLink-168] (Eclipse Persistence Services - 2.5.2.v20140319-9ad6abd): org.eclipse.persistence.exceptions.DescriptorException
Exception Description: Problem in creating new instance using the default constructor.  The default constructor triggered an exception.
Internal Exception: java.lang.reflect.InvocationTargetException
Target Invocation Exception: java.lang.RuntimeException: Uncompilable source code - cannot find symbol
  symbol:   method value()
  location: @interface javax.persistence.JoinColumn
Descriptor: RelationalDescriptor(com.bookstore.business.persistence.catalog.Publisher --&gt; [DatabaseTable(editeurs)])

Exception [EclipseLink-168] (Eclipse Persistence Services - 2.5.2.v20140319-9ad6abd): org.eclipse.persistence.exceptions.DescriptorException
Exception Description: Problem in creating new instance using the default constructor.  The default constructor triggered an exception.
Internal Exception: java.lang.reflect.InvocationTargetException
Target Invocation Exception: java.lang.RuntimeException: Uncompilable source code - cannot find symbol
  symbol:   method value()
  location: @interface javax.persistence.JoinColumn
Descriptor: RelationalDescriptor(com.bookstore.business.persistence.catalog.Book --&gt; [DatabaseTable(livres)])

Runtime Exceptions: 
---------------------------------------------------------

	at org.eclipse.persistence.exceptions.EntityManagerSetupException.deployFailed(EntityManagerSetupException.java:238)
	... 39 more
Caused by: Exception [EclipseLink-0] (Eclipse Persistence Services - 2.5.2.v20140319-9ad6abd): org.eclipse.persistence.exceptions.IntegrityException
Descriptor Exceptions: 
---------------------------------------------------------

Exception [EclipseLink-168] (Eclipse Persistence Services - 2.5.2.v20140319-9ad6abd): org.eclipse.persistence.exceptions.DescriptorException
Exception Description: Problem in creating new instance using the default constructor.  The default constructor triggered an exception.
Internal Exception: java.lang.reflect.InvocationTargetException
Target Invocation Exception: java.lang.RuntimeException: Uncompilable source code - cannot find symbol
  symbol:   method value()
  location: @interface javax.persistence.JoinColumn
Descriptor: RelationalDescriptor(com.bookstore.business.persistence.catalog.Publisher --&gt; [DatabaseTable(editeurs)])

Exception [EclipseLink-168] (Eclipse Persistence Services - 2.5.2.v20140319-9ad6abd): org.eclipse.persistence.exceptions.DescriptorException
Exception Description: Problem in creating new instance using the default constructor.  The default constructor triggered an exception.
Internal Exception: java.lang.reflect.InvocationTargetException
Target Invocation Exception: java.lang.RuntimeException: Uncompilable source code - cannot find symbol
  symbol:   method value()
  location: @interface javax.persistence.JoinColumn
Descriptor: RelationalDescriptor(com.bookstore.business.persistence.catalog.Book --&gt; [DatabaseTable(livres)])

Runtime Exceptions: 
---------------------------------------------------------

	at org.eclipse.persistence.internal.sessions.DatabaseSessionImpl.initializeDescriptors(DatabaseSessionImpl.java:696)
	at org.eclipse.persistence.internal.sessions.DatabaseSessionImpl.initializeDescriptors(DatabaseSessionImpl.java:632)
	at org.eclipse.persistence.internal.sessions.DatabaseSessionImpl.initializeDescriptors(DatabaseSessionImpl.java:568)
	at org.eclipse.persistence.internal.sessions.DatabaseSessionImpl.postConnectDatasource(DatabaseSessionImpl.java:799)
	at org.eclipse.persistence.internal.sessions.DatabaseSessionImpl.loginAndDetectDatasource(DatabaseSessionImpl.java:743)
	at org.eclipse.persistence.internal.jpa.EntityManagerFactoryProvider.login(EntityManagerFactoryProvider.java:239)
	at org.eclipse.persistence.internal.jpa.EntityManagerSetupImpl.deploy(EntityManagerSetupImpl.java:685)
	... 37 more
</error>
    <system-out>[EL Info]: 2018-05-15 09:03:20.409--ServerSession(860481979)--EclipseLink, version: Eclipse Persistence Services - 2.5.2.v20140319-9ad6abd
[EL Severe]: 2018-05-15 09:03:20.951--ServerSession(860481979)--Exception [EclipseLink-0] (Eclipse Persistence Services - 2.5.2.v20140319-9ad6abd): org.eclipse.persistence.exceptions.IntegrityException
Descriptor Exceptions: 
---------------------------------------------------------

Exception [EclipseLink-168] (Eclipse Persistence Services - 2.5.2.v20140319-9ad6abd): org.eclipse.persistence.exceptions.DescriptorException
Exception Description: Problem in creating new instance using the default constructor.  The default constructor triggered an exception.
Internal Exception: java.lang.reflect.InvocationTargetException
Target Invocation Exception: java.lang.RuntimeException: Uncompilable source code - cannot find symbol
  symbol:   method value()
  location: @interface javax.persistence.JoinColumn
Descriptor: RelationalDescriptor(com.bookstore.business.persistence.catalog.Publisher --&gt; [DatabaseTable(editeurs)])

Exception [EclipseLink-168] (Eclipse Persistence Services - 2.5.2.v20140319-9ad6abd): org.eclipse.persistence.exceptions.DescriptorException
Exception Description: Problem in creating new instance using the default constructor.  The default constructor triggered an exception.
Internal Exception: java.lang.reflect.InvocationTargetException
Target Invocation Exception: java.lang.RuntimeException: Uncompilable source code - cannot find symbol
  symbol:   method value()
  location: @interface javax.persistence.JoinColumn
Descriptor: RelationalDescriptor(com.bookstore.business.persistence.catalog.Book --&gt; [DatabaseTable(livres)])

Runtime Exceptions: 
---------------------------------------------------------

[EL Info]: connection: 2018-05-15 09:03:20.953--ServerSession(860481979)--file:/home/charles/Programming/Workspace/JavaEE/NetBeansProjects/bookStore/target/classes/_testPU logout successful
[EL Severe]: ejb: 2018-05-15 09:03:20.957--ServerSession(860481979)--Exception [EclipseLink-0] (Eclipse Persistence Services - 2.5.2.v20140319-9ad6abd): org.eclipse.persistence.exceptions.IntegrityException
Descriptor Exceptions: 
---------------------------------------------------------

Exception [EclipseLink-168] (Eclipse Persistence Services - 2.5.2.v20140319-9ad6abd): org.eclipse.persistence.exceptions.DescriptorException
Exception Description: Problem in creating new instance using the default constructor.  The default constructor triggered an exception.
Internal Exception: java.lang.reflect.InvocationTargetException
Target Invocation Exception: java.lang.RuntimeException: Uncompilable source code - cannot find symbol
  symbol:   method value()
  location: @interface javax.persistence.JoinColumn
Descriptor: RelationalDescriptor(com.bookstore.business.persistence.catalog.Publisher --&gt; [DatabaseTable(editeurs)])

Exception [EclipseLink-168] (Eclipse Persistence Services - 2.5.2.v20140319-9ad6abd): org.eclipse.persistence.exceptions.DescriptorException
Exception Description: Problem in creating new instance using the default constructor.  The default constructor triggered an exception.
Internal Exception: java.lang.reflect.InvocationTargetException
Target Invocation Exception: java.lang.RuntimeException: Uncompilable source code - cannot find symbol
  symbol:   method value()
  location: @interface javax.persistence.JoinColumn
Descriptor: RelationalDescriptor(com.bookstore.business.persistence.catalog.Book --&gt; [DatabaseTable(livres)])

Runtime Exceptions: 
---------------------------------------------------------

</system-out>
    <system-err>Tue May 15 09:03:20 CEST 2018 WARN: Establishing SSL connection without server&apos;s identity verification is not recommended. According to MySQL 5.5.45+, 5.6.26+ and 5.7.6+ requirements SSL connection must be established by default if explicit option isn&apos;t set. For compliance with existing applications not using SSL the verifyServerCertificate property is set to &apos;false&apos;. You need either to explicitly disable SSL by setting useSSL=false, or set useSSL=true and provide truststore for server certificate verification.
Tue May 15 09:03:20 CEST 2018 WARN: Establishing SSL connection without server&apos;s identity verification is not recommended. According to MySQL 5.5.45+, 5.6.26+ and 5.7.6+ requirements SSL connection must be established by default if explicit option isn&apos;t set. For compliance with existing applications not using SSL the verifyServerCertificate property is set to &apos;false&apos;. You need either to explicitly disable SSL by setting useSSL=false, or set useSSL=true and provide truststore for server certificate verification.
</system-err>
  </testcase>
  <testcase classname="com.bookstore.test.CrudOperationTest" name="checkNbOfBooksFromCategoryRetrieving" time="0.812">
    <error type="java.lang.NullPointerException">java.lang.NullPointerException
	at com.bookstore.test.CrudOperationTest.tearDown(CrudOperationTest.java:47)
	at sun.reflect.NativeMethodAccessorImpl.invoke0(Native Method)
	at sun.reflect.NativeMethodAccessorImpl.invoke(NativeMethodAccessorImpl.java:62)
	at sun.reflect.DelegatingMethodAccessorImpl.invoke(DelegatingMethodAccessorImpl.java:43)
	at java.lang.reflect.Method.invoke(Method.java:498)
	at org.junit.runners.model.FrameworkMethod$1.runReflectiveCall(FrameworkMethod.java:50)
	at org.junit.internal.runners.model.ReflectiveCallable.run(ReflectiveCallable.java:12)
	at org.junit.runners.model.FrameworkMethod.invokeExplosively(FrameworkMethod.java:47)
	at org.junit.internal.runners.statements.RunAfters.evaluate(RunAfters.java:33)
	at org.junit.runners.ParentRunner.runLeaf(ParentRunner.java:325)
	at org.junit.runners.BlockJUnit4ClassRunner.runChild(BlockJUnit4ClassRunner.java:78)
	at org.junit.runners.BlockJUnit4ClassRunner.runChild(BlockJUnit4ClassRunner.java:57)
	at org.junit.runners.ParentRunner$3.run(ParentRunner.java:290)
	at org.junit.runners.ParentRunner$1.schedule(ParentRunner.java:71)
	at org.junit.runners.ParentRunner.runChildren(ParentRunner.java:288)
	at org.junit.runners.ParentRunner.access$000(ParentRunner.java:58)
	at org.junit.runners.ParentRunner$2.evaluate(ParentRunner.java:268)
	at org.junit.internal.runners.statements.RunBefores.evaluate(RunBefores.java:26)
	at org.junit.internal.runners.statements.RunAfters.evaluate(RunAfters.java:27)
	at org.junit.runners.ParentRunner.run(ParentRunner.java:363)
	at org.apache.maven.surefire.junit4.JUnit4Provider.execute(JUnit4Provider.java:252)
	at org.apache.maven.surefire.junit4.JUnit4Provider.executeTestSet(JUnit4Provider.java:141)
	at org.apache.maven.surefire.junit4.JUnit4Provider.invoke(JUnit4Provider.java:112)
	at sun.reflect.NativeMethodAccessorImpl.invoke0(Native Method)
	at sun.reflect.NativeMethodAccessorImpl.invoke(NativeMethodAccessorImpl.java:62)
	at sun.reflect.DelegatingMethodAccessorImpl.invoke(DelegatingMethodAccessorImpl.java:43)
	at java.lang.reflect.Method.invoke(Method.java:498)
	at org.apache.maven.surefire.util.ReflectionUtils.invokeMethodWithArray(ReflectionUtils.java:189)
	at org.apache.maven.surefire.booter.ProviderFactory$ProviderProxy.invoke(ProviderFactory.java:165)
	at org.apache.maven.surefire.booter.ProviderFactory.invokeProvider(ProviderFactory.java:85)
	at org.apache.maven.surefire.booter.ForkedBooter.runSuitesInProcess(ForkedBooter.java:115)
	at org.apache.maven.surefire.booter.ForkedBooter.main(ForkedBooter.java:75)
</error>
  </testcase>
  <testcase classname="com.bookstore.test.CrudOperationTest" name="checkParentCatFromChildRetrieving" time="0.002">
    <error message="Exception [EclipseLink-28013] (Eclipse Persistence Services - 2.5.2.v20140319-9ad6abd): org.eclipse.persistence.exceptions.EntityManagerSetupException
Exception Description: Unable to deploy PersistenceUnit [testPU] in invalid state [DeployFailed].
Internal Exception: javax.persistence.PersistenceException: Exception [EclipseLink-28019] (Eclipse Persistence Services - 2.5.2.v20140319-9ad6abd): org.eclipse.persistence.exceptions.EntityManagerSetupException
Exception Description: Deployment of PersistenceUnit [testPU] failed. Close all factories for this PersistenceUnit.
Internal Exception: Exception [EclipseLink-0] (Eclipse Persistence Services - 2.5.2.v20140319-9ad6abd): org.eclipse.persistence.exceptions.IntegrityException
Descriptor Exceptions: 
---------------------------------------------------------

Exception [EclipseLink-168] (Eclipse Persistence Services - 2.5.2.v20140319-9ad6abd): org.eclipse.persistence.exceptions.DescriptorException
Exception Description: Problem in creating new instance using the default constructor.  The default constructor triggered an exception.
Internal Exception: java.lang.reflect.InvocationTargetException
Target Invocation Exception: java.lang.RuntimeException: Uncompilable source code - cannot find symbol
  symbol:   method value()
  location: @interface javax.persistence.JoinColumn
Descriptor: RelationalDescriptor(com.bookstore.business.persistence.catalog.Publisher --&gt; [DatabaseTable(editeurs)])

Exception [EclipseLink-168] (Eclipse Persistence Services - 2.5.2.v20140319-9ad6abd): org.eclipse.persistence.exceptions.DescriptorException
Exception Description: Problem in creating new instance using the default constructor.  The default constructor triggered an exception.
Internal Exception: java.lang.reflect.InvocationTargetException
Target Invocation Exception: java.lang.RuntimeException: Uncompilable source code - cannot find symbol
  symbol:   method value()
  location: @interface javax.persistence.JoinColumn
Descriptor: RelationalDescriptor(com.bookstore.business.persistence.catalog.Book --&gt; [DatabaseTable(livres)])

Runtime Exceptions: 
---------------------------------------------------------
" type="javax.persistence.PersistenceException">javax.persistence.PersistenceException: Exception [EclipseLink-28013] (Eclipse Persistence Services - 2.5.2.v20140319-9ad6abd): org.eclipse.persistence.exceptions.EntityManagerSetupException
Exception Description: Unable to deploy PersistenceUnit [testPU] in invalid state [DeployFailed].
Internal Exception: javax.persistence.PersistenceException: Exception [EclipseLink-28019] (Eclipse Persistence Services - 2.5.2.v20140319-9ad6abd): org.eclipse.persistence.exceptions.EntityManagerSetupException
Exception Description: Deployment of PersistenceUnit [testPU] failed. Close all factories for this PersistenceUnit.
Internal Exception: Exception [EclipseLink-0] (Eclipse Persistence Services - 2.5.2.v20140319-9ad6abd): org.eclipse.persistence.exceptions.IntegrityException
Descriptor Exceptions: 
---------------------------------------------------------

Exception [EclipseLink-168] (Eclipse Persistence Services - 2.5.2.v20140319-9ad6abd): org.eclipse.persistence.exceptions.DescriptorException
Exception Description: Problem in creating new instance using the default constructor.  The default constructor triggered an exception.
Internal Exception: java.lang.reflect.InvocationTargetException
Target Invocation Exception: java.lang.RuntimeException: Uncompilable source code - cannot find symbol
  symbol:   method value()
  location: @interface javax.persistence.JoinColumn
Descriptor: RelationalDescriptor(com.bookstore.business.persistence.catalog.Publisher --&gt; [DatabaseTable(editeurs)])

Exception [EclipseLink-168] (Eclipse Persistence Services - 2.5.2.v20140319-9ad6abd): org.eclipse.persistence.exceptions.DescriptorException
Exception Description: Problem in creating new instance using the default constructor.  The default constructor triggered an exception.
Internal Exception: java.lang.reflect.InvocationTargetException
Target Invocation Exception: java.lang.RuntimeException: Uncompilable source code - cannot find symbol
  symbol:   method value()
  location: @interface javax.persistence.JoinColumn
Descriptor: RelationalDescriptor(com.bookstore.business.persistence.catalog.Book --&gt; [DatabaseTable(livres)])

Runtime Exceptions: 
---------------------------------------------------------

	at org.eclipse.persistence.internal.jpa.EntityManagerSetupImpl.deploy(EntityManagerSetupImpl.java:547)
	at org.eclipse.persistence.internal.jpa.EntityManagerFactoryDelegate.getAbstractSession(EntityManagerFactoryDelegate.java:204)
	at org.eclipse.persistence.internal.jpa.EntityManagerFactoryDelegate.createEntityManagerImpl(EntityManagerFactoryDelegate.java:304)
	at org.eclipse.persistence.internal.jpa.EntityManagerFactoryImpl.createEntityManagerImpl(EntityManagerFactoryImpl.java:336)
	at org.eclipse.persistence.internal.jpa.EntityManagerFactoryImpl.createEntityManager(EntityManagerFactoryImpl.java:302)
	at com.bookstore.test.CrudOperationTest.setUp(CrudOperationTest.java:42)
	at sun.reflect.NativeMethodAccessorImpl.invoke0(Native Method)
	at sun.reflect.NativeMethodAccessorImpl.invoke(NativeMethodAccessorImpl.java:62)
	at sun.reflect.DelegatingMethodAccessorImpl.invoke(DelegatingMethodAccessorImpl.java:43)
	at java.lang.reflect.Method.invoke(Method.java:498)
	at org.junit.runners.model.FrameworkMethod$1.runReflectiveCall(FrameworkMethod.java:50)
	at org.junit.internal.runners.model.ReflectiveCallable.run(ReflectiveCallable.java:12)
	at org.junit.runners.model.FrameworkMethod.invokeExplosively(FrameworkMethod.java:47)
	at org.junit.internal.runners.statements.RunBefores.evaluate(RunBefores.java:24)
	at org.junit.internal.runners.statements.RunAfters.evaluate(RunAfters.java:27)
	at org.junit.runners.ParentRunner.runLeaf(ParentRunner.java:325)
	at org.junit.runners.BlockJUnit4ClassRunner.runChild(BlockJUnit4ClassRunner.java:78)
	at org.junit.runners.BlockJUnit4ClassRunner.runChild(BlockJUnit4ClassRunner.java:57)
	at org.junit.runners.ParentRunner$3.run(ParentRunner.java:290)
	at org.junit.runners.ParentRunner$1.schedule(ParentRunner.java:71)
	at org.junit.runners.ParentRunner.runChildren(ParentRunner.java:288)
	at org.junit.runners.ParentRunner.access$000(ParentRunner.java:58)
	at org.junit.runners.ParentRunner$2.evaluate(ParentRunner.java:268)
	at org.junit.internal.runners.statements.RunBefores.evaluate(RunBefores.java:26)
	at org.junit.internal.runners.statements.RunAfters.evaluate(RunAfters.java:27)
	at org.junit.runners.ParentRunner.run(ParentRunner.java:363)
	at org.apache.maven.surefire.junit4.JUnit4Provider.execute(JUnit4Provider.java:252)
	at org.apache.maven.surefire.junit4.JUnit4Provider.executeTestSet(JUnit4Provider.java:141)
	at org.apache.maven.surefire.junit4.JUnit4Provider.invoke(JUnit4Provider.java:112)
	at sun.reflect.NativeMethodAccessorImpl.invoke0(Native Method)
	at sun.reflect.NativeMethodAccessorImpl.invoke(NativeMethodAccessorImpl.java:62)
	at sun.reflect.DelegatingMethodAccessorImpl.invoke(DelegatingMethodAccessorImpl.java:43)
	at java.lang.reflect.Method.invoke(Method.java:498)
	at org.apache.maven.surefire.util.ReflectionUtils.invokeMethodWithArray(ReflectionUtils.java:189)
	at org.apache.maven.surefire.booter.ProviderFactory$ProviderProxy.invoke(ProviderFactory.java:165)
	at org.apache.maven.surefire.booter.ProviderFactory.invokeProvider(ProviderFactory.java:85)
	at org.apache.maven.surefire.booter.ForkedBooter.runSuitesInProcess(ForkedBooter.java:115)
	at org.apache.maven.surefire.booter.ForkedBooter.main(ForkedBooter.java:75)
Caused by: Exception [EclipseLink-28013] (Eclipse Persistence Services - 2.5.2.v20140319-9ad6abd): org.eclipse.persistence.exceptions.EntityManagerSetupException
Exception Description: Unable to deploy PersistenceUnit [testPU] in invalid state [DeployFailed].
Internal Exception: javax.persistence.PersistenceException: Exception [EclipseLink-28019] (Eclipse Persistence Services - 2.5.2.v20140319-9ad6abd): org.eclipse.persistence.exceptions.EntityManagerSetupException
Exception Description: Deployment of PersistenceUnit [testPU] failed. Close all factories for this PersistenceUnit.
Internal Exception: Exception [EclipseLink-0] (Eclipse Persistence Services - 2.5.2.v20140319-9ad6abd): org.eclipse.persistence.exceptions.IntegrityException
Descriptor Exceptions: 
---------------------------------------------------------

Exception [EclipseLink-168] (Eclipse Persistence Services - 2.5.2.v20140319-9ad6abd): org.eclipse.persistence.exceptions.DescriptorException
Exception Description: Problem in creating new instance using the default constructor.  The default constructor triggered an exception.
Internal Exception: java.lang.reflect.InvocationTargetException
Target Invocation Exception: java.lang.RuntimeException: Uncompilable source code - cannot find symbol
  symbol:   method value()
  location: @interface javax.persistence.JoinColumn
Descriptor: RelationalDescriptor(com.bookstore.business.persistence.catalog.Publisher --&gt; [DatabaseTable(editeurs)])

Exception [EclipseLink-168] (Eclipse Persistence Services - 2.5.2.v20140319-9ad6abd): org.eclipse.persistence.exceptions.DescriptorException
Exception Description: Problem in creating new instance using the default constructor.  The default constructor triggered an exception.
Internal Exception: java.lang.reflect.InvocationTargetException
Target Invocation Exception: java.lang.RuntimeException: Uncompilable source code - cannot find symbol
  symbol:   method value()
  location: @interface javax.persistence.JoinColumn
Descriptor: RelationalDescriptor(com.bookstore.business.persistence.catalog.Book --&gt; [DatabaseTable(livres)])

Runtime Exceptions: 
---------------------------------------------------------

	at org.eclipse.persistence.exceptions.EntityManagerSetupException.cannotDeployWithoutPredeploy(EntityManagerSetupException.java:190)
	... 38 more
Caused by: javax.persistence.PersistenceException: Exception [EclipseLink-28019] (Eclipse Persistence Services - 2.5.2.v20140319-9ad6abd): org.eclipse.persistence.exceptions.EntityManagerSetupException
Exception Description: Deployment of PersistenceUnit [testPU] failed. Close all factories for this PersistenceUnit.
Internal Exception: Exception [EclipseLink-0] (Eclipse Persistence Services - 2.5.2.v20140319-9ad6abd): org.eclipse.persistence.exceptions.IntegrityException
Descriptor Exceptions: 
---------------------------------------------------------

Exception [EclipseLink-168] (Eclipse Persistence Services - 2.5.2.v20140319-9ad6abd): org.eclipse.persistence.exceptions.DescriptorException
Exception Description: Problem in creating new instance using the default constructor.  The default constructor triggered an exception.
Internal Exception: java.lang.reflect.InvocationTargetException
Target Invocation Exception: java.lang.RuntimeException: Uncompilable source code - cannot find symbol
  symbol:   method value()
  location: @interface javax.persistence.JoinColumn
Descriptor: RelationalDescriptor(com.bookstore.business.persistence.catalog.Publisher --&gt; [DatabaseTable(editeurs)])

Exception [EclipseLink-168] (Eclipse Persistence Services - 2.5.2.v20140319-9ad6abd): org.eclipse.persistence.exceptions.DescriptorException
Exception Description: Problem in creating new instance using the default constructor.  The default constructor triggered an exception.
Internal Exception: java.lang.reflect.InvocationTargetException
Target Invocation Exception: java.lang.RuntimeException: Uncompilable source code - cannot find symbol
  symbol:   method value()
  location: @interface javax.persistence.JoinColumn
Descriptor: RelationalDescriptor(com.bookstore.business.persistence.catalog.Book --&gt; [DatabaseTable(livres)])

Runtime Exceptions: 
---------------------------------------------------------

	at org.eclipse.persistence.internal.jpa.EntityManagerSetupImpl.createDeployFailedPersistenceException(EntityManagerSetupImpl.java:820)
	at org.eclipse.persistence.internal.jpa.EntityManagerSetupImpl.deploy(EntityManagerSetupImpl.java:760)
	... 37 more
Caused by: Exception [EclipseLink-28019] (Eclipse Persistence Services - 2.5.2.v20140319-9ad6abd): org.eclipse.persistence.exceptions.EntityManagerSetupException
Exception Description: Deployment of PersistenceUnit [testPU] failed. Close all factories for this PersistenceUnit.
Internal Exception: Exception [EclipseLink-0] (Eclipse Persistence Services - 2.5.2.v20140319-9ad6abd): org.eclipse.persistence.exceptions.IntegrityException
Descriptor Exceptions: 
---------------------------------------------------------

Exception [EclipseLink-168] (Eclipse Persistence Services - 2.5.2.v20140319-9ad6abd): org.eclipse.persistence.exceptions.DescriptorException
Exception Description: Problem in creating new instance using the default constructor.  The default constructor triggered an exception.
Internal Exception: java.lang.reflect.InvocationTargetException
Target Invocation Exception: java.lang.RuntimeException: Uncompilable source code - cannot find symbol
  symbol:   method value()
  location: @interface javax.persistence.JoinColumn
Descriptor: RelationalDescriptor(com.bookstore.business.persistence.catalog.Publisher --&gt; [DatabaseTable(editeurs)])

Exception [EclipseLink-168] (Eclipse Persistence Services - 2.5.2.v20140319-9ad6abd): org.eclipse.persistence.exceptions.DescriptorException
Exception Description: Problem in creating new instance using the default constructor.  The default constructor triggered an exception.
Internal Exception: java.lang.reflect.InvocationTargetException
Target Invocation Exception: java.lang.RuntimeException: Uncompilable source code - cannot find symbol
  symbol:   method value()
  location: @interface javax.persistence.JoinColumn
Descriptor: RelationalDescriptor(com.bookstore.business.persistence.catalog.Book --&gt; [DatabaseTable(livres)])

Runtime Exceptions: 
---------------------------------------------------------

	at org.eclipse.persistence.exceptions.EntityManagerSetupException.deployFailed(EntityManagerSetupException.java:238)
	... 39 more
Caused by: Exception [EclipseLink-0] (Eclipse Persistence Services - 2.5.2.v20140319-9ad6abd): org.eclipse.persistence.exceptions.IntegrityException
Descriptor Exceptions: 
---------------------------------------------------------

Exception [EclipseLink-168] (Eclipse Persistence Services - 2.5.2.v20140319-9ad6abd): org.eclipse.persistence.exceptions.DescriptorException
Exception Description: Problem in creating new instance using the default constructor.  The default constructor triggered an exception.
Internal Exception: java.lang.reflect.InvocationTargetException
Target Invocation Exception: java.lang.RuntimeException: Uncompilable source code - cannot find symbol
  symbol:   method value()
  location: @interface javax.persistence.JoinColumn
Descriptor: RelationalDescriptor(com.bookstore.business.persistence.catalog.Publisher --&gt; [DatabaseTable(editeurs)])

Exception [EclipseLink-168] (Eclipse Persistence Services - 2.5.2.v20140319-9ad6abd): org.eclipse.persistence.exceptions.DescriptorException
Exception Description: Problem in creating new instance using the default constructor.  The default constructor triggered an exception.
Internal Exception: java.lang.reflect.InvocationTargetException
Target Invocation Exception: java.lang.RuntimeException: Uncompilable source code - cannot find symbol
  symbol:   method value()
  location: @interface javax.persistence.JoinColumn
Descriptor: RelationalDescriptor(com.bookstore.business.persistence.catalog.Book --&gt; [DatabaseTable(livres)])

Runtime Exceptions: 
---------------------------------------------------------

	at org.eclipse.persistence.internal.sessions.DatabaseSessionImpl.initializeDescriptors(DatabaseSessionImpl.java:696)
	at org.eclipse.persistence.internal.sessions.DatabaseSessionImpl.initializeDescriptors(DatabaseSessionImpl.java:632)
	at org.eclipse.persistence.internal.sessions.DatabaseSessionImpl.initializeDescriptors(DatabaseSessionImpl.java:568)
	at org.eclipse.persistence.internal.sessions.DatabaseSessionImpl.postConnectDatasource(DatabaseSessionImpl.java:799)
	at org.eclipse.persistence.internal.sessions.DatabaseSessionImpl.loginAndDetectDatasource(DatabaseSessionImpl.java:743)
	at org.eclipse.persistence.internal.jpa.EntityManagerFactoryProvider.login(EntityManagerFactoryProvider.java:239)
	at org.eclipse.persistence.internal.jpa.EntityManagerSetupImpl.deploy(EntityManagerSetupImpl.java:685)
	... 37 more
</error>
  </testcase>
  <testcase classname="com.bookstore.test.CrudOperationTest" name="checkParentCatFromChildRetrieving" time="0.003">
    <error type="java.lang.NullPointerException">java.lang.NullPointerException
	at com.bookstore.test.CrudOperationTest.tearDown(CrudOperationTest.java:47)
	at sun.reflect.NativeMethodAccessorImpl.invoke0(Native Method)
	at sun.reflect.NativeMethodAccessorImpl.invoke(NativeMethodAccessorImpl.java:62)
	at sun.reflect.DelegatingMethodAccessorImpl.invoke(DelegatingMethodAccessorImpl.java:43)
	at java.lang.reflect.Method.invoke(Method.java:498)
	at org.junit.runners.model.FrameworkMethod$1.runReflectiveCall(FrameworkMethod.java:50)
	at org.junit.internal.runners.model.ReflectiveCallable.run(ReflectiveCallable.java:12)
	at org.junit.runners.model.FrameworkMethod.invokeExplosively(FrameworkMethod.java:47)
	at org.junit.internal.runners.statements.RunAfters.evaluate(RunAfters.java:33)
	at org.junit.runners.ParentRunner.runLeaf(ParentRunner.java:325)
	at org.junit.runners.BlockJUnit4ClassRunner.runChild(BlockJUnit4ClassRunner.java:78)
	at org.junit.runners.BlockJUnit4ClassRunner.runChild(BlockJUnit4ClassRunner.java:57)
	at org.junit.runners.ParentRunner$3.run(ParentRunner.java:290)
	at org.junit.runners.ParentRunner$1.schedule(ParentRunner.java:71)
	at org.junit.runners.ParentRunner.runChildren(ParentRunner.java:288)
	at org.junit.runners.ParentRunner.access$000(ParentRunner.java:58)
	at org.junit.runners.ParentRunner$2.evaluate(ParentRunner.java:268)
	at org.junit.internal.runners.statements.RunBefores.evaluate(RunBefores.java:26)
	at org.junit.internal.runners.statements.RunAfters.evaluate(RunAfters.java:27)
	at org.junit.runners.ParentRunner.run(ParentRunner.java:363)
	at org.apache.maven.surefire.junit4.JUnit4Provider.execute(JUnit4Provider.java:252)
	at org.apache.maven.surefire.junit4.JUnit4Provider.executeTestSet(JUnit4Provider.java:141)
	at org.apache.maven.surefire.junit4.JUnit4Provider.invoke(JUnit4Provider.java:112)
	at sun.reflect.NativeMethodAccessorImpl.invoke0(Native Method)
	at sun.reflect.NativeMethodAccessorImpl.invoke(NativeMethodAccessorImpl.java:62)
	at sun.reflect.DelegatingMethodAccessorImpl.invoke(DelegatingMethodAccessorImpl.java:43)
	at java.lang.reflect.Method.invoke(Method.java:498)
	at org.apache.maven.surefire.util.ReflectionUtils.invokeMethodWithArray(ReflectionUtils.java:189)
	at org.apache.maven.surefire.booter.ProviderFactory$ProviderProxy.invoke(ProviderFactory.java:165)
	at org.apache.maven.surefire.booter.ProviderFactory.invokeProvider(ProviderFactory.java:85)
	at org.apache.maven.surefire.booter.ForkedBooter.runSuitesInProcess(ForkedBooter.java:115)
	at org.apache.maven.surefire.booter.ForkedBooter.main(ForkedBooter.java:75)
</error>
  </testcase>
  <testcase classname="com.bookstore.test.CrudOperationTest" name="ckeckPublisherRetrieving" time="0.012">
    <error message="Exception [EclipseLink-28013] (Eclipse Persistence Services - 2.5.2.v20140319-9ad6abd): org.eclipse.persistence.exceptions.EntityManagerSetupException
Exception Description: Unable to deploy PersistenceUnit [testPU] in invalid state [DeployFailed].
Internal Exception: javax.persistence.PersistenceException: Exception [EclipseLink-28019] (Eclipse Persistence Services - 2.5.2.v20140319-9ad6abd): org.eclipse.persistence.exceptions.EntityManagerSetupException
Exception Description: Deployment of PersistenceUnit [testPU] failed. Close all factories for this PersistenceUnit.
Internal Exception: Exception [EclipseLink-0] (Eclipse Persistence Services - 2.5.2.v20140319-9ad6abd): org.eclipse.persistence.exceptions.IntegrityException
Descriptor Exceptions: 
---------------------------------------------------------

Exception [EclipseLink-168] (Eclipse Persistence Services - 2.5.2.v20140319-9ad6abd): org.eclipse.persistence.exceptions.DescriptorException
Exception Description: Problem in creating new instance using the default constructor.  The default constructor triggered an exception.
Internal Exception: java.lang.reflect.InvocationTargetException
Target Invocation Exception: java.lang.RuntimeException: Uncompilable source code - cannot find symbol
  symbol:   method value()
  location: @interface javax.persistence.JoinColumn
Descriptor: RelationalDescriptor(com.bookstore.business.persistence.catalog.Publisher --&gt; [DatabaseTable(editeurs)])

Exception [EclipseLink-168] (Eclipse Persistence Services - 2.5.2.v20140319-9ad6abd): org.eclipse.persistence.exceptions.DescriptorException
Exception Description: Problem in creating new instance using the default constructor.  The default constructor triggered an exception.
Internal Exception: java.lang.reflect.InvocationTargetException
Target Invocation Exception: java.lang.RuntimeException: Uncompilable source code - cannot find symbol
  symbol:   method value()
  location: @interface javax.persistence.JoinColumn
Descriptor: RelationalDescriptor(com.bookstore.business.persistence.catalog.Book --&gt; [DatabaseTable(livres)])

Runtime Exceptions: 
---------------------------------------------------------
" type="javax.persistence.PersistenceException">javax.persistence.PersistenceException: Exception [EclipseLink-28013] (Eclipse Persistence Services - 2.5.2.v20140319-9ad6abd): org.eclipse.persistence.exceptions.EntityManagerSetupException
Exception Description: Unable to deploy PersistenceUnit [testPU] in invalid state [DeployFailed].
Internal Exception: javax.persistence.PersistenceException: Exception [EclipseLink-28019] (Eclipse Persistence Services - 2.5.2.v20140319-9ad6abd): org.eclipse.persistence.exceptions.EntityManagerSetupException
Exception Description: Deployment of PersistenceUnit [testPU] failed. Close all factories for this PersistenceUnit.
Internal Exception: Exception [EclipseLink-0] (Eclipse Persistence Services - 2.5.2.v20140319-9ad6abd): org.eclipse.persistence.exceptions.IntegrityException
Descriptor Exceptions: 
---------------------------------------------------------

Exception [EclipseLink-168] (Eclipse Persistence Services - 2.5.2.v20140319-9ad6abd): org.eclipse.persistence.exceptions.DescriptorException
Exception Description: Problem in creating new instance using the default constructor.  The default constructor triggered an exception.
Internal Exception: java.lang.reflect.InvocationTargetException
Target Invocation Exception: java.lang.RuntimeException: Uncompilable source code - cannot find symbol
  symbol:   method value()
  location: @interface javax.persistence.JoinColumn
Descriptor: RelationalDescriptor(com.bookstore.business.persistence.catalog.Publisher --&gt; [DatabaseTable(editeurs)])

Exception [EclipseLink-168] (Eclipse Persistence Services - 2.5.2.v20140319-9ad6abd): org.eclipse.persistence.exceptions.DescriptorException
Exception Description: Problem in creating new instance using the default constructor.  The default constructor triggered an exception.
Internal Exception: java.lang.reflect.InvocationTargetException
Target Invocation Exception: java.lang.RuntimeException: Uncompilable source code - cannot find symbol
  symbol:   method value()
  location: @interface javax.persistence.JoinColumn
Descriptor: RelationalDescriptor(com.bookstore.business.persistence.catalog.Book --&gt; [DatabaseTable(livres)])

Runtime Exceptions: 
---------------------------------------------------------

	at org.eclipse.persistence.internal.jpa.EntityManagerSetupImpl.deploy(EntityManagerSetupImpl.java:547)
	at org.eclipse.persistence.internal.jpa.EntityManagerFactoryDelegate.getAbstractSession(EntityManagerFactoryDelegate.java:204)
	at org.eclipse.persistence.internal.jpa.EntityManagerFactoryDelegate.createEntityManagerImpl(EntityManagerFactoryDelegate.java:304)
	at org.eclipse.persistence.internal.jpa.EntityManagerFactoryImpl.createEntityManagerImpl(EntityManagerFactoryImpl.java:336)
	at org.eclipse.persistence.internal.jpa.EntityManagerFactoryImpl.createEntityManager(EntityManagerFactoryImpl.java:302)
	at com.bookstore.test.CrudOperationTest.setUp(CrudOperationTest.java:42)
	at sun.reflect.NativeMethodAccessorImpl.invoke0(Native Method)
	at sun.reflect.NativeMethodAccessorImpl.invoke(NativeMethodAccessorImpl.java:62)
	at sun.reflect.DelegatingMethodAccessorImpl.invoke(DelegatingMethodAccessorImpl.java:43)
	at java.lang.reflect.Method.invoke(Method.java:498)
	at org.junit.runners.model.FrameworkMethod$1.runReflectiveCall(FrameworkMethod.java:50)
	at org.junit.internal.runners.model.ReflectiveCallable.run(ReflectiveCallable.java:12)
	at org.junit.runners.model.FrameworkMethod.invokeExplosively(FrameworkMethod.java:47)
	at org.junit.internal.runners.statements.RunBefores.evaluate(RunBefores.java:24)
	at org.junit.internal.runners.statements.RunAfters.evaluate(RunAfters.java:27)
	at org.junit.runners.ParentRunner.runLeaf(ParentRunner.java:325)
	at org.junit.runners.BlockJUnit4ClassRunner.runChild(BlockJUnit4ClassRunner.java:78)
	at org.junit.runners.BlockJUnit4ClassRunner.runChild(BlockJUnit4ClassRunner.java:57)
	at org.junit.runners.ParentRunner$3.run(ParentRunner.java:290)
	at org.junit.runners.ParentRunner$1.schedule(ParentRunner.java:71)
	at org.junit.runners.ParentRunner.runChildren(ParentRunner.java:288)
	at org.junit.runners.ParentRunner.access$000(ParentRunner.java:58)
	at org.junit.runners.ParentRunner$2.evaluate(ParentRunner.java:268)
	at org.junit.internal.runners.statements.RunBefores.evaluate(RunBefores.java:26)
	at org.junit.internal.runners.statements.RunAfters.evaluate(RunAfters.java:27)
	at org.junit.runners.ParentRunner.run(ParentRunner.java:363)
	at org.apache.maven.surefire.junit4.JUnit4Provider.execute(JUnit4Provider.java:252)
	at org.apache.maven.surefire.junit4.JUnit4Provider.executeTestSet(JUnit4Provider.java:141)
	at org.apache.maven.surefire.junit4.JUnit4Provider.invoke(JUnit4Provider.java:112)
	at sun.reflect.NativeMethodAccessorImpl.invoke0(Native Method)
	at sun.reflect.NativeMethodAccessorImpl.invoke(NativeMethodAccessorImpl.java:62)
	at sun.reflect.DelegatingMethodAccessorImpl.invoke(DelegatingMethodAccessorImpl.java:43)
	at java.lang.reflect.Method.invoke(Method.java:498)
	at org.apache.maven.surefire.util.ReflectionUtils.invokeMethodWithArray(ReflectionUtils.java:189)
	at org.apache.maven.surefire.booter.ProviderFactory$ProviderProxy.invoke(ProviderFactory.java:165)
	at org.apache.maven.surefire.booter.ProviderFactory.invokeProvider(ProviderFactory.java:85)
	at org.apache.maven.surefire.booter.ForkedBooter.runSuitesInProcess(ForkedBooter.java:115)
	at org.apache.maven.surefire.booter.ForkedBooter.main(ForkedBooter.java:75)
Caused by: Exception [EclipseLink-28013] (Eclipse Persistence Services - 2.5.2.v20140319-9ad6abd): org.eclipse.persistence.exceptions.EntityManagerSetupException
Exception Description: Unable to deploy PersistenceUnit [testPU] in invalid state [DeployFailed].
Internal Exception: javax.persistence.PersistenceException: Exception [EclipseLink-28019] (Eclipse Persistence Services - 2.5.2.v20140319-9ad6abd): org.eclipse.persistence.exceptions.EntityManagerSetupException
Exception Description: Deployment of PersistenceUnit [testPU] failed. Close all factories for this PersistenceUnit.
Internal Exception: Exception [EclipseLink-0] (Eclipse Persistence Services - 2.5.2.v20140319-9ad6abd): org.eclipse.persistence.exceptions.IntegrityException
Descriptor Exceptions: 
---------------------------------------------------------

Exception [EclipseLink-168] (Eclipse Persistence Services - 2.5.2.v20140319-9ad6abd): org.eclipse.persistence.exceptions.DescriptorException
Exception Description: Problem in creating new instance using the default constructor.  The default constructor triggered an exception.
Internal Exception: java.lang.reflect.InvocationTargetException
Target Invocation Exception: java.lang.RuntimeException: Uncompilable source code - cannot find symbol
  symbol:   method value()
  location: @interface javax.persistence.JoinColumn
Descriptor: RelationalDescriptor(com.bookstore.business.persistence.catalog.Publisher --&gt; [DatabaseTable(editeurs)])

Exception [EclipseLink-168] (Eclipse Persistence Services - 2.5.2.v20140319-9ad6abd): org.eclipse.persistence.exceptions.DescriptorException
Exception Description: Problem in creating new instance using the default constructor.  The default constructor triggered an exception.
Internal Exception: java.lang.reflect.InvocationTargetException
Target Invocation Exception: java.lang.RuntimeException: Uncompilable source code - cannot find symbol
  symbol:   method value()
  location: @interface javax.persistence.JoinColumn
Descriptor: RelationalDescriptor(com.bookstore.business.persistence.catalog.Book --&gt; [DatabaseTable(livres)])

Runtime Exceptions: 
---------------------------------------------------------

	at org.eclipse.persistence.exceptions.EntityManagerSetupException.cannotDeployWithoutPredeploy(EntityManagerSetupException.java:190)
	... 38 more
Caused by: javax.persistence.PersistenceException: Exception [EclipseLink-28019] (Eclipse Persistence Services - 2.5.2.v20140319-9ad6abd): org.eclipse.persistence.exceptions.EntityManagerSetupException
Exception Description: Deployment of PersistenceUnit [testPU] failed. Close all factories for this PersistenceUnit.
Internal Exception: Exception [EclipseLink-0] (Eclipse Persistence Services - 2.5.2.v20140319-9ad6abd): org.eclipse.persistence.exceptions.IntegrityException
Descriptor Exceptions: 
---------------------------------------------------------

Exception [EclipseLink-168] (Eclipse Persistence Services - 2.5.2.v20140319-9ad6abd): org.eclipse.persistence.exceptions.DescriptorException
Exception Description: Problem in creating new instance using the default constructor.  The default constructor triggered an exception.
Internal Exception: java.lang.reflect.InvocationTargetException
Target Invocation Exception: java.lang.RuntimeException: Uncompilable source code - cannot find symbol
  symbol:   method value()
  location: @interface javax.persistence.JoinColumn
Descriptor: RelationalDescriptor(com.bookstore.business.persistence.catalog.Publisher --&gt; [DatabaseTable(editeurs)])

Exception [EclipseLink-168] (Eclipse Persistence Services - 2.5.2.v20140319-9ad6abd): org.eclipse.persistence.exceptions.DescriptorException
Exception Description: Problem in creating new instance using the default constructor.  The default constructor triggered an exception.
Internal Exception: java.lang.reflect.InvocationTargetException
Target Invocation Exception: java.lang.RuntimeException: Uncompilable source code - cannot find symbol
  symbol:   method value()
  location: @interface javax.persistence.JoinColumn
Descriptor: RelationalDescriptor(com.bookstore.business.persistence.catalog.Book --&gt; [DatabaseTable(livres)])

Runtime Exceptions: 
---------------------------------------------------------

	at org.eclipse.persistence.internal.jpa.EntityManagerSetupImpl.createDeployFailedPersistenceException(EntityManagerSetupImpl.java:820)
	at org.eclipse.persistence.internal.jpa.EntityManagerSetupImpl.deploy(EntityManagerSetupImpl.java:760)
	... 37 more
Caused by: Exception [EclipseLink-28019] (Eclipse Persistence Services - 2.5.2.v20140319-9ad6abd): org.eclipse.persistence.exceptions.EntityManagerSetupException
Exception Description: Deployment of PersistenceUnit [testPU] failed. Close all factories for this PersistenceUnit.
Internal Exception: Exception [EclipseLink-0] (Eclipse Persistence Services - 2.5.2.v20140319-9ad6abd): org.eclipse.persistence.exceptions.IntegrityException
Descriptor Exceptions: 
---------------------------------------------------------

Exception [EclipseLink-168] (Eclipse Persistence Services - 2.5.2.v20140319-9ad6abd): org.eclipse.persistence.exceptions.DescriptorException
Exception Description: Problem in creating new instance using the default constructor.  The default constructor triggered an exception.
Internal Exception: java.lang.reflect.InvocationTargetException
Target Invocation Exception: java.lang.RuntimeException: Uncompilable source code - cannot find symbol
  symbol:   method value()
  location: @interface javax.persistence.JoinColumn
Descriptor: RelationalDescriptor(com.bookstore.business.persistence.catalog.Publisher --&gt; [DatabaseTable(editeurs)])

Exception [EclipseLink-168] (Eclipse Persistence Services - 2.5.2.v20140319-9ad6abd): org.eclipse.persistence.exceptions.DescriptorException
Exception Description: Problem in creating new instance using the default constructor.  The default constructor triggered an exception.
Internal Exception: java.lang.reflect.InvocationTargetException
Target Invocation Exception: java.lang.RuntimeException: Uncompilable source code - cannot find symbol
  symbol:   method value()
  location: @interface javax.persistence.JoinColumn
Descriptor: RelationalDescriptor(com.bookstore.business.persistence.catalog.Book --&gt; [DatabaseTable(livres)])

Runtime Exceptions: 
---------------------------------------------------------

	at org.eclipse.persistence.exceptions.EntityManagerSetupException.deployFailed(EntityManagerSetupException.java:238)
	... 39 more
Caused by: Exception [EclipseLink-0] (Eclipse Persistence Services - 2.5.2.v20140319-9ad6abd): org.eclipse.persistence.exceptions.IntegrityException
Descriptor Exceptions: 
---------------------------------------------------------

Exception [EclipseLink-168] (Eclipse Persistence Services - 2.5.2.v20140319-9ad6abd): org.eclipse.persistence.exceptions.DescriptorException
Exception Description: Problem in creating new instance using the default constructor.  The default constructor triggered an exception.
Internal Exception: java.lang.reflect.InvocationTargetException
Target Invocation Exception: java.lang.RuntimeException: Uncompilable source code - cannot find symbol
  symbol:   method value()
  location: @interface javax.persistence.JoinColumn
Descriptor: RelationalDescriptor(com.bookstore.business.persistence.catalog.Publisher --&gt; [DatabaseTable(editeurs)])

Exception [EclipseLink-168] (Eclipse Persistence Services - 2.5.2.v20140319-9ad6abd): org.eclipse.persistence.exceptions.DescriptorException
Exception Description: Problem in creating new instance using the default constructor.  The default constructor triggered an exception.
Internal Exception: java.lang.reflect.InvocationTargetException
Target Invocation Exception: java.lang.RuntimeException: Uncompilable source code - cannot find symbol
  symbol:   method value()
  location: @interface javax.persistence.JoinColumn
Descriptor: RelationalDescriptor(com.bookstore.business.persistence.catalog.Book --&gt; [DatabaseTable(livres)])

Runtime Exceptions: 
---------------------------------------------------------

	at org.eclipse.persistence.internal.sessions.DatabaseSessionImpl.initializeDescriptors(DatabaseSessionImpl.java:696)
	at org.eclipse.persistence.internal.sessions.DatabaseSessionImpl.initializeDescriptors(DatabaseSessionImpl.java:632)
	at org.eclipse.persistence.internal.sessions.DatabaseSessionImpl.initializeDescriptors(DatabaseSessionImpl.java:568)
	at org.eclipse.persistence.internal.sessions.DatabaseSessionImpl.postConnectDatasource(DatabaseSessionImpl.java:799)
	at org.eclipse.persistence.internal.sessions.DatabaseSessionImpl.loginAndDetectDatasource(DatabaseSessionImpl.java:743)
	at org.eclipse.persistence.internal.jpa.EntityManagerFactoryProvider.login(EntityManagerFactoryProvider.java:239)
	at org.eclipse.persistence.internal.jpa.EntityManagerSetupImpl.deploy(EntityManagerSetupImpl.java:685)
	... 37 more
</error>
  </testcase>
  <testcase classname="com.bookstore.test.CrudOperationTest" name="ckeckPublisherRetrieving" time="0.012">
    <error type="java.lang.NullPointerException">java.lang.NullPointerException
	at com.bookstore.test.CrudOperationTest.tearDown(CrudOperationTest.java:47)
	at sun.reflect.NativeMethodAccessorImpl.invoke0(Native Method)
	at sun.reflect.NativeMethodAccessorImpl.invoke(NativeMethodAccessorImpl.java:62)
	at sun.reflect.DelegatingMethodAccessorImpl.invoke(DelegatingMethodAccessorImpl.java:43)
	at java.lang.reflect.Method.invoke(Method.java:498)
	at org.junit.runners.model.FrameworkMethod$1.runReflectiveCall(FrameworkMethod.java:50)
	at org.junit.internal.runners.model.ReflectiveCallable.run(ReflectiveCallable.java:12)
	at org.junit.runners.model.FrameworkMethod.invokeExplosively(FrameworkMethod.java:47)
	at org.junit.internal.runners.statements.RunAfters.evaluate(RunAfters.java:33)
	at org.junit.runners.ParentRunner.runLeaf(ParentRunner.java:325)
	at org.junit.runners.BlockJUnit4ClassRunner.runChild(BlockJUnit4ClassRunner.java:78)
	at org.junit.runners.BlockJUnit4ClassRunner.runChild(BlockJUnit4ClassRunner.java:57)
	at org.junit.runners.ParentRunner$3.run(ParentRunner.java:290)
	at org.junit.runners.ParentRunner$1.schedule(ParentRunner.java:71)
	at org.junit.runners.ParentRunner.runChildren(ParentRunner.java:288)
	at org.junit.runners.ParentRunner.access$000(ParentRunner.java:58)
	at org.junit.runners.ParentRunner$2.evaluate(ParentRunner.java:268)
	at org.junit.internal.runners.statements.RunBefores.evaluate(RunBefores.java:26)
	at org.junit.internal.runners.statements.RunAfters.evaluate(RunAfters.java:27)
	at org.junit.runners.ParentRunner.run(ParentRunner.java:363)
	at org.apache.maven.surefire.junit4.JUnit4Provider.execute(JUnit4Provider.java:252)
	at org.apache.maven.surefire.junit4.JUnit4Provider.executeTestSet(JUnit4Provider.java:141)
	at org.apache.maven.surefire.junit4.JUnit4Provider.invoke(JUnit4Provider.java:112)
	at sun.reflect.NativeMethodAccessorImpl.invoke0(Native Method)
	at sun.reflect.NativeMethodAccessorImpl.invoke(NativeMethodAccessorImpl.java:62)
	at sun.reflect.DelegatingMethodAccessorImpl.invoke(DelegatingMethodAccessorImpl.java:43)
	at java.lang.reflect.Method.invoke(Method.java:498)
	at org.apache.maven.surefire.util.ReflectionUtils.invokeMethodWithArray(ReflectionUtils.java:189)
	at org.apache.maven.surefire.booter.ProviderFactory$ProviderProxy.invoke(ProviderFactory.java:165)
	at org.apache.maven.surefire.booter.ProviderFactory.invokeProvider(ProviderFactory.java:85)
	at org.apache.maven.surefire.booter.ForkedBooter.runSuitesInProcess(ForkedBooter.java:115)
	at org.apache.maven.surefire.booter.ForkedBooter.main(ForkedBooter.java:75)
</error>
  </testcase>
  <testcase classname="com.bookstore.test.CrudOperationTest" name="checkPubFromBookRetrieving" time="0.001">
    <error message="Exception [EclipseLink-28013] (Eclipse Persistence Services - 2.5.2.v20140319-9ad6abd): org.eclipse.persistence.exceptions.EntityManagerSetupException
Exception Description: Unable to deploy PersistenceUnit [testPU] in invalid state [DeployFailed].
Internal Exception: javax.persistence.PersistenceException: Exception [EclipseLink-28019] (Eclipse Persistence Services - 2.5.2.v20140319-9ad6abd): org.eclipse.persistence.exceptions.EntityManagerSetupException
Exception Description: Deployment of PersistenceUnit [testPU] failed. Close all factories for this PersistenceUnit.
Internal Exception: Exception [EclipseLink-0] (Eclipse Persistence Services - 2.5.2.v20140319-9ad6abd): org.eclipse.persistence.exceptions.IntegrityException
Descriptor Exceptions: 
---------------------------------------------------------

Exception [EclipseLink-168] (Eclipse Persistence Services - 2.5.2.v20140319-9ad6abd): org.eclipse.persistence.exceptions.DescriptorException
Exception Description: Problem in creating new instance using the default constructor.  The default constructor triggered an exception.
Internal Exception: java.lang.reflect.InvocationTargetException
Target Invocation Exception: java.lang.RuntimeException: Uncompilable source code - cannot find symbol
  symbol:   method value()
  location: @interface javax.persistence.JoinColumn
Descriptor: RelationalDescriptor(com.bookstore.business.persistence.catalog.Publisher --&gt; [DatabaseTable(editeurs)])

Exception [EclipseLink-168] (Eclipse Persistence Services - 2.5.2.v20140319-9ad6abd): org.eclipse.persistence.exceptions.DescriptorException
Exception Description: Problem in creating new instance using the default constructor.  The default constructor triggered an exception.
Internal Exception: java.lang.reflect.InvocationTargetException
Target Invocation Exception: java.lang.RuntimeException: Uncompilable source code - cannot find symbol
  symbol:   method value()
  location: @interface javax.persistence.JoinColumn
Descriptor: RelationalDescriptor(com.bookstore.business.persistence.catalog.Book --&gt; [DatabaseTable(livres)])

Runtime Exceptions: 
---------------------------------------------------------
" type="javax.persistence.PersistenceException">javax.persistence.PersistenceException: Exception [EclipseLink-28013] (Eclipse Persistence Services - 2.5.2.v20140319-9ad6abd): org.eclipse.persistence.exceptions.EntityManagerSetupException
Exception Description: Unable to deploy PersistenceUnit [testPU] in invalid state [DeployFailed].
Internal Exception: javax.persistence.PersistenceException: Exception [EclipseLink-28019] (Eclipse Persistence Services - 2.5.2.v20140319-9ad6abd): org.eclipse.persistence.exceptions.EntityManagerSetupException
Exception Description: Deployment of PersistenceUnit [testPU] failed. Close all factories for this PersistenceUnit.
Internal Exception: Exception [EclipseLink-0] (Eclipse Persistence Services - 2.5.2.v20140319-9ad6abd): org.eclipse.persistence.exceptions.IntegrityException
Descriptor Exceptions: 
---------------------------------------------------------

Exception [EclipseLink-168] (Eclipse Persistence Services - 2.5.2.v20140319-9ad6abd): org.eclipse.persistence.exceptions.DescriptorException
Exception Description: Problem in creating new instance using the default constructor.  The default constructor triggered an exception.
Internal Exception: java.lang.reflect.InvocationTargetException
Target Invocation Exception: java.lang.RuntimeException: Uncompilable source code - cannot find symbol
  symbol:   method value()
  location: @interface javax.persistence.JoinColumn
Descriptor: RelationalDescriptor(com.bookstore.business.persistence.catalog.Publisher --&gt; [DatabaseTable(editeurs)])

Exception [EclipseLink-168] (Eclipse Persistence Services - 2.5.2.v20140319-9ad6abd): org.eclipse.persistence.exceptions.DescriptorException
Exception Description: Problem in creating new instance using the default constructor.  The default constructor triggered an exception.
Internal Exception: java.lang.reflect.InvocationTargetException
Target Invocation Exception: java.lang.RuntimeException: Uncompilable source code - cannot find symbol
  symbol:   method value()
  location: @interface javax.persistence.JoinColumn
Descriptor: RelationalDescriptor(com.bookstore.business.persistence.catalog.Book --&gt; [DatabaseTable(livres)])

Runtime Exceptions: 
---------------------------------------------------------

	at org.eclipse.persistence.internal.jpa.EntityManagerSetupImpl.deploy(EntityManagerSetupImpl.java:547)
	at org.eclipse.persistence.internal.jpa.EntityManagerFactoryDelegate.getAbstractSession(EntityManagerFactoryDelegate.java:204)
	at org.eclipse.persistence.internal.jpa.EntityManagerFactoryDelegate.createEntityManagerImpl(EntityManagerFactoryDelegate.java:304)
	at org.eclipse.persistence.internal.jpa.EntityManagerFactoryImpl.createEntityManagerImpl(EntityManagerFactoryImpl.java:336)
	at org.eclipse.persistence.internal.jpa.EntityManagerFactoryImpl.createEntityManager(EntityManagerFactoryImpl.java:302)
	at com.bookstore.test.CrudOperationTest.setUp(CrudOperationTest.java:42)
	at sun.reflect.NativeMethodAccessorImpl.invoke0(Native Method)
	at sun.reflect.NativeMethodAccessorImpl.invoke(NativeMethodAccessorImpl.java:62)
	at sun.reflect.DelegatingMethodAccessorImpl.invoke(DelegatingMethodAccessorImpl.java:43)
	at java.lang.reflect.Method.invoke(Method.java:498)
	at org.junit.runners.model.FrameworkMethod$1.runReflectiveCall(FrameworkMethod.java:50)
	at org.junit.internal.runners.model.ReflectiveCallable.run(ReflectiveCallable.java:12)
	at org.junit.runners.model.FrameworkMethod.invokeExplosively(FrameworkMethod.java:47)
	at org.junit.internal.runners.statements.RunBefores.evaluate(RunBefores.java:24)
	at org.junit.internal.runners.statements.RunAfters.evaluate(RunAfters.java:27)
	at org.junit.runners.ParentRunner.runLeaf(ParentRunner.java:325)
	at org.junit.runners.BlockJUnit4ClassRunner.runChild(BlockJUnit4ClassRunner.java:78)
	at org.junit.runners.BlockJUnit4ClassRunner.runChild(BlockJUnit4ClassRunner.java:57)
	at org.junit.runners.ParentRunner$3.run(ParentRunner.java:290)
	at org.junit.runners.ParentRunner$1.schedule(ParentRunner.java:71)
	at org.junit.runners.ParentRunner.runChildren(ParentRunner.java:288)
	at org.junit.runners.ParentRunner.access$000(ParentRunner.java:58)
	at org.junit.runners.ParentRunner$2.evaluate(ParentRunner.java:268)
	at org.junit.internal.runners.statements.RunBefores.evaluate(RunBefores.java:26)
	at org.junit.internal.runners.statements.RunAfters.evaluate(RunAfters.java:27)
	at org.junit.runners.ParentRunner.run(ParentRunner.java:363)
	at org.apache.maven.surefire.junit4.JUnit4Provider.execute(JUnit4Provider.java:252)
	at org.apache.maven.surefire.junit4.JUnit4Provider.executeTestSet(JUnit4Provider.java:141)
	at org.apache.maven.surefire.junit4.JUnit4Provider.invoke(JUnit4Provider.java:112)
	at sun.reflect.NativeMethodAccessorImpl.invoke0(Native Method)
	at sun.reflect.NativeMethodAccessorImpl.invoke(NativeMethodAccessorImpl.java:62)
	at sun.reflect.DelegatingMethodAccessorImpl.invoke(DelegatingMethodAccessorImpl.java:43)
	at java.lang.reflect.Method.invoke(Method.java:498)
	at org.apache.maven.surefire.util.ReflectionUtils.invokeMethodWithArray(ReflectionUtils.java:189)
	at org.apache.maven.surefire.booter.ProviderFactory$ProviderProxy.invoke(ProviderFactory.java:165)
	at org.apache.maven.surefire.booter.ProviderFactory.invokeProvider(ProviderFactory.java:85)
	at org.apache.maven.surefire.booter.ForkedBooter.runSuitesInProcess(ForkedBooter.java:115)
	at org.apache.maven.surefire.booter.ForkedBooter.main(ForkedBooter.java:75)
Caused by: Exception [EclipseLink-28013] (Eclipse Persistence Services - 2.5.2.v20140319-9ad6abd): org.eclipse.persistence.exceptions.EntityManagerSetupException
Exception Description: Unable to deploy PersistenceUnit [testPU] in invalid state [DeployFailed].
Internal Exception: javax.persistence.PersistenceException: Exception [EclipseLink-28019] (Eclipse Persistence Services - 2.5.2.v20140319-9ad6abd): org.eclipse.persistence.exceptions.EntityManagerSetupException
Exception Description: Deployment of PersistenceUnit [testPU] failed. Close all factories for this PersistenceUnit.
Internal Exception: Exception [EclipseLink-0] (Eclipse Persistence Services - 2.5.2.v20140319-9ad6abd): org.eclipse.persistence.exceptions.IntegrityException
Descriptor Exceptions: 
---------------------------------------------------------

Exception [EclipseLink-168] (Eclipse Persistence Services - 2.5.2.v20140319-9ad6abd): org.eclipse.persistence.exceptions.DescriptorException
Exception Description: Problem in creating new instance using the default constructor.  The default constructor triggered an exception.
Internal Exception: java.lang.reflect.InvocationTargetException
Target Invocation Exception: java.lang.RuntimeException: Uncompilable source code - cannot find symbol
  symbol:   method value()
  location: @interface javax.persistence.JoinColumn
Descriptor: RelationalDescriptor(com.bookstore.business.persistence.catalog.Publisher --&gt; [DatabaseTable(editeurs)])

Exception [EclipseLink-168] (Eclipse Persistence Services - 2.5.2.v20140319-9ad6abd): org.eclipse.persistence.exceptions.DescriptorException
Exception Description: Problem in creating new instance using the default constructor.  The default constructor triggered an exception.
Internal Exception: java.lang.reflect.InvocationTargetException
Target Invocation Exception: java.lang.RuntimeException: Uncompilable source code - cannot find symbol
  symbol:   method value()
  location: @interface javax.persistence.JoinColumn
Descriptor: RelationalDescriptor(com.bookstore.business.persistence.catalog.Book --&gt; [DatabaseTable(livres)])

Runtime Exceptions: 
---------------------------------------------------------

	at org.eclipse.persistence.exceptions.EntityManagerSetupException.cannotDeployWithoutPredeploy(EntityManagerSetupException.java:190)
	... 38 more
Caused by: javax.persistence.PersistenceException: Exception [EclipseLink-28019] (Eclipse Persistence Services - 2.5.2.v20140319-9ad6abd): org.eclipse.persistence.exceptions.EntityManagerSetupException
Exception Description: Deployment of PersistenceUnit [testPU] failed. Close all factories for this PersistenceUnit.
Internal Exception: Exception [EclipseLink-0] (Eclipse Persistence Services - 2.5.2.v20140319-9ad6abd): org.eclipse.persistence.exceptions.IntegrityException
Descriptor Exceptions: 
---------------------------------------------------------

Exception [EclipseLink-168] (Eclipse Persistence Services - 2.5.2.v20140319-9ad6abd): org.eclipse.persistence.exceptions.DescriptorException
Exception Description: Problem in creating new instance using the default constructor.  The default constructor triggered an exception.
Internal Exception: java.lang.reflect.InvocationTargetException
Target Invocation Exception: java.lang.RuntimeException: Uncompilable source code - cannot find symbol
  symbol:   method value()
  location: @interface javax.persistence.JoinColumn
Descriptor: RelationalDescriptor(com.bookstore.business.persistence.catalog.Publisher --&gt; [DatabaseTable(editeurs)])

Exception [EclipseLink-168] (Eclipse Persistence Services - 2.5.2.v20140319-9ad6abd): org.eclipse.persistence.exceptions.DescriptorException
Exception Description: Problem in creating new instance using the default constructor.  The default constructor triggered an exception.
Internal Exception: java.lang.reflect.InvocationTargetException
Target Invocation Exception: java.lang.RuntimeException: Uncompilable source code - cannot find symbol
  symbol:   method value()
  location: @interface javax.persistence.JoinColumn
Descriptor: RelationalDescriptor(com.bookstore.business.persistence.catalog.Book --&gt; [DatabaseTable(livres)])

Runtime Exceptions: 
---------------------------------------------------------

	at org.eclipse.persistence.internal.jpa.EntityManagerSetupImpl.createDeployFailedPersistenceException(EntityManagerSetupImpl.java:820)
	at org.eclipse.persistence.internal.jpa.EntityManagerSetupImpl.deploy(EntityManagerSetupImpl.java:760)
	... 37 more
Caused by: Exception [EclipseLink-28019] (Eclipse Persistence Services - 2.5.2.v20140319-9ad6abd): org.eclipse.persistence.exceptions.EntityManagerSetupException
Exception Description: Deployment of PersistenceUnit [testPU] failed. Close all factories for this PersistenceUnit.
Internal Exception: Exception [EclipseLink-0] (Eclipse Persistence Services - 2.5.2.v20140319-9ad6abd): org.eclipse.persistence.exceptions.IntegrityException
Descriptor Exceptions: 
---------------------------------------------------------

Exception [EclipseLink-168] (Eclipse Persistence Services - 2.5.2.v20140319-9ad6abd): org.eclipse.persistence.exceptions.DescriptorException
Exception Description: Problem in creating new instance using the default constructor.  The default constructor triggered an exception.
Internal Exception: java.lang.reflect.InvocationTargetException
Target Invocation Exception: java.lang.RuntimeException: Uncompilable source code - cannot find symbol
  symbol:   method value()
  location: @interface javax.persistence.JoinColumn
Descriptor: RelationalDescriptor(com.bookstore.business.persistence.catalog.Publisher --&gt; [DatabaseTable(editeurs)])

Exception [EclipseLink-168] (Eclipse Persistence Services - 2.5.2.v20140319-9ad6abd): org.eclipse.persistence.exceptions.DescriptorException
Exception Description: Problem in creating new instance using the default constructor.  The default constructor triggered an exception.
Internal Exception: java.lang.reflect.InvocationTargetException
Target Invocation Exception: java.lang.RuntimeException: Uncompilable source code - cannot find symbol
  symbol:   method value()
  location: @interface javax.persistence.JoinColumn
Descriptor: RelationalDescriptor(com.bookstore.business.persistence.catalog.Book --&gt; [DatabaseTable(livres)])

Runtime Exceptions: 
---------------------------------------------------------

	at org.eclipse.persistence.exceptions.EntityManagerSetupException.deployFailed(EntityManagerSetupException.java:238)
	... 39 more
Caused by: Exception [EclipseLink-0] (Eclipse Persistence Services - 2.5.2.v20140319-9ad6abd): org.eclipse.persistence.exceptions.IntegrityException
Descriptor Exceptions: 
---------------------------------------------------------

Exception [EclipseLink-168] (Eclipse Persistence Services - 2.5.2.v20140319-9ad6abd): org.eclipse.persistence.exceptions.DescriptorException
Exception Description: Problem in creating new instance using the default constructor.  The default constructor triggered an exception.
Internal Exception: java.lang.reflect.InvocationTargetException
Target Invocation Exception: java.lang.RuntimeException: Uncompilable source code - cannot find symbol
  symbol:   method value()
  location: @interface javax.persistence.JoinColumn
Descriptor: RelationalDescriptor(com.bookstore.business.persistence.catalog.Publisher --&gt; [DatabaseTable(editeurs)])

Exception [EclipseLink-168] (Eclipse Persistence Services - 2.5.2.v20140319-9ad6abd): org.eclipse.persistence.exceptions.DescriptorException
Exception Description: Problem in creating new instance using the default constructor.  The default constructor triggered an exception.
Internal Exception: java.lang.reflect.InvocationTargetException
Target Invocation Exception: java.lang.RuntimeException: Uncompilable source code - cannot find symbol
  symbol:   method value()
  location: @interface javax.persistence.JoinColumn
Descriptor: RelationalDescriptor(com.bookstore.business.persistence.catalog.Book --&gt; [DatabaseTable(livres)])

Runtime Exceptions: 
---------------------------------------------------------

	at org.eclipse.persistence.internal.sessions.DatabaseSessionImpl.initializeDescriptors(DatabaseSessionImpl.java:696)
	at org.eclipse.persistence.internal.sessions.DatabaseSessionImpl.initializeDescriptors(DatabaseSessionImpl.java:632)
	at org.eclipse.persistence.internal.sessions.DatabaseSessionImpl.initializeDescriptors(DatabaseSessionImpl.java:568)
	at org.eclipse.persistence.internal.sessions.DatabaseSessionImpl.postConnectDatasource(DatabaseSessionImpl.java:799)
	at org.eclipse.persistence.internal.sessions.DatabaseSessionImpl.loginAndDetectDatasource(DatabaseSessionImpl.java:743)
	at org.eclipse.persistence.internal.jpa.EntityManagerFactoryProvider.login(EntityManagerFactoryProvider.java:239)
	at org.eclipse.persistence.internal.jpa.EntityManagerSetupImpl.deploy(EntityManagerSetupImpl.java:685)
	... 37 more
</error>
  </testcase>
  <testcase classname="com.bookstore.test.CrudOperationTest" name="checkPubFromBookRetrieving" time="0.001">
    <error type="java.lang.NullPointerException">java.lang.NullPointerException
	at com.bookstore.test.CrudOperationTest.tearDown(CrudOperationTest.java:47)
	at sun.reflect.NativeMethodAccessorImpl.invoke0(Native Method)
	at sun.reflect.NativeMethodAccessorImpl.invoke(NativeMethodAccessorImpl.java:62)
	at sun.reflect.DelegatingMethodAccessorImpl.invoke(DelegatingMethodAccessorImpl.java:43)
	at java.lang.reflect.Method.invoke(Method.java:498)
	at org.junit.runners.model.FrameworkMethod$1.runReflectiveCall(FrameworkMethod.java:50)
	at org.junit.internal.runners.model.ReflectiveCallable.run(ReflectiveCallable.java:12)
	at org.junit.runners.model.FrameworkMethod.invokeExplosively(FrameworkMethod.java:47)
	at org.junit.internal.runners.statements.RunAfters.evaluate(RunAfters.java:33)
	at org.junit.runners.ParentRunner.runLeaf(ParentRunner.java:325)
	at org.junit.runners.BlockJUnit4ClassRunner.runChild(BlockJUnit4ClassRunner.java:78)
	at org.junit.runners.BlockJUnit4ClassRunner.runChild(BlockJUnit4ClassRunner.java:57)
	at org.junit.runners.ParentRunner$3.run(ParentRunner.java:290)
	at org.junit.runners.ParentRunner$1.schedule(ParentRunner.java:71)
	at org.junit.runners.ParentRunner.runChildren(ParentRunner.java:288)
	at org.junit.runners.ParentRunner.access$000(ParentRunner.java:58)
	at org.junit.runners.ParentRunner$2.evaluate(ParentRunner.java:268)
	at org.junit.internal.runners.statements.RunBefores.evaluate(RunBefores.java:26)
	at org.junit.internal.runners.statements.RunAfters.evaluate(RunAfters.java:27)
	at org.junit.runners.ParentRunner.run(ParentRunner.java:363)
	at org.apache.maven.surefire.junit4.JUnit4Provider.execute(JUnit4Provider.java:252)
	at org.apache.maven.surefire.junit4.JUnit4Provider.executeTestSet(JUnit4Provider.java:141)
	at org.apache.maven.surefire.junit4.JUnit4Provider.invoke(JUnit4Provider.java:112)
	at sun.reflect.NativeMethodAccessorImpl.invoke0(Native Method)
	at sun.reflect.NativeMethodAccessorImpl.invoke(NativeMethodAccessorImpl.java:62)
	at sun.reflect.DelegatingMethodAccessorImpl.invoke(DelegatingMethodAccessorImpl.java:43)
	at java.lang.reflect.Method.invoke(Method.java:498)
	at org.apache.maven.surefire.util.ReflectionUtils.invokeMethodWithArray(ReflectionUtils.java:189)
	at org.apache.maven.surefire.booter.ProviderFactory$ProviderProxy.invoke(ProviderFactory.java:165)
	at org.apache.maven.surefire.booter.ProviderFactory.invokeProvider(ProviderFactory.java:85)
	at org.apache.maven.surefire.booter.ForkedBooter.runSuitesInProcess(ForkedBooter.java:115)
	at org.apache.maven.surefire.booter.ForkedBooter.main(ForkedBooter.java:75)
</error>
  </testcase>
</testsuite>